[2026-02-18 00:05:44.754] [INFO   ] Initializing browser automation...
[2026-02-18 00:05:48.186] [INFO   ] Navigating to Cortizo Center login page...
[2026-02-18 00:05:48.186] [INFO   ] Target URL: https://cortizocenter.com/Login.aspx
[2026-02-18 00:05:49.711] [INFO   ] [PAGE STATE - After loading login page]
[2026-02-18 00:05:49.711] [INFO   ]   URL: https://cortizocenter.com/Login.aspx
[2026-02-18 00:05:49.711] [INFO   ]   Title: CORTIZO CENTER
[2026-02-18 00:05:49.798] [INFO   ]   Login Form: Found (Visible)
[2026-02-18 00:05:49.805] [INFO   ]   Quotations Link: Not Found
[2026-02-18 00:05:49.812] [INFO   ]   Profiles Grid: Not Found
[2026-02-18 00:05:49.818] [INFO   ]   General Color Finish 1: Not Found
[2026-02-18 00:05:49.823] [INFO   ]   First Reference Input: Not Found
[2026-02-18 00:05:49.824] [INFO   ] Logging in...
[2026-02-18 00:05:49.830] [INFO   ] [LOGIN] Starting login process...
[2026-02-18 00:05:49.830] [INFO   ] [LOGIN] Waiting for login form...
[2026-02-18 00:05:49.866] [INFO   ] [LOGIN] Filling username: salesadria
[2026-02-18 00:05:50.023] [INFO   ] [LOGIN] Filling password: ********
[2026-02-18 00:05:50.156] [INFO   ] [LOGIN] Looking for login button...
[2026-02-18 00:05:50.185] [INFO   ] [LOGIN] Found button with selector: text=ACCEDER
[2026-02-18 00:05:51.201] [INFO   ] [LOGIN] Clicked login button
[2026-02-18 00:05:53.203] [INFO   ] [LOGIN] Current URL after login attempt: https://cortizocenter.com/Inicio.aspx
[2026-02-18 00:05:53.221] [SUCCESS] Login successful!
[2026-02-18 00:05:53.229] [INFO   ] [PAGE STATE - After login]
[2026-02-18 00:05:53.229] [INFO   ]   URL: https://cortizocenter.com/Inicio.aspx
[2026-02-18 00:05:53.229] [INFO   ]   Title: CORTIZO CENTER
[2026-02-18 00:05:53.255] [INFO   ]   Login Form: Not Found
[2026-02-18 00:05:53.314] [INFO   ]   Quotations Link: Found (Visible)
[2026-02-18 00:05:53.318] [INFO   ]   Profiles Grid: Not Found
[2026-02-18 00:05:53.322] [INFO   ]   General Color Finish 1: Not Found
[2026-02-18 00:05:53.326] [INFO   ]   First Reference Input: Not Found
[2026-02-18 00:05:53.326] [INFO   ] Navigating to Quotations / Online Orders...
[2026-02-18 00:05:53.328] [INFO   ] [NAVIGATE] Starting navigation to Quotations...
[2026-02-18 00:05:53.328] [INFO   ] [NAVIGATE] Current URL: https://cortizocenter.com/Inicio.aspx
[2026-02-18 00:05:53.328] [INFO   ] [NAVIGATE] Trying selector: #ctl00_ico7
[2026-02-18 00:05:53.354] [INFO   ] [NAVIGATE] Found element! Visible: True
[2026-02-18 00:06:04.552] [INFO   ] [NAVIGATE] Clicked element, waiting for navigation...
[2026-02-18 00:06:08.974] [INFO   ] [NAVIGATE] Navigation complete. New URL: https://ccenter.cortizo.mobi/Valoraciones.aspx?Id=CgAAAB-LCAAAAAAABAAzZDBksARiAwYAwS14mQoAAAA=&Lg=BAAAAB-LCAAAAAAABABzZfBjAACYFXTjBAAAAA==
[2026-02-18 00:06:08.979] [INFO   ] [PAGE STATE - After navigating to quotations]
[2026-02-18 00:06:08.979] [INFO   ]   URL: https://ccenter.cortizo.mobi/Valoraciones.aspx?Id=CgAAAB-LCAAAAAAABAAzZDBksARiAwYAwS14mQoAAAA=&Lg=BAAAAB-LCAAAAAAABABzZfBjAACYFXTjBAAAAA==
[2026-02-18 00:06:08.979] [INFO   ]   Title: CORTIZO CENTER
[2026-02-18 00:06:09.040] [INFO   ]   Login Form: Found (Hidden)
[2026-02-18 00:06:09.085] [INFO   ]   Quotations Link: Found (Visible)
[2026-02-18 00:06:09.134] [INFO   ]   Profiles Grid: Found (Visible)
[2026-02-18 00:06:09.176] [INFO   ]   General Color Finish 1: Found (Visible)
[2026-02-18 00:06:09.216] [INFO   ]   First Reference Input: Found (Visible)
[2026-02-18 00:06:09.221] [INFO   ] [AVAILABLE SELECTORS in body]
[2026-02-18 00:06:09.363] [INFO   ]   Found 124 select elements:
[2026-02-18 00:06:09.439] [INFO   ]     - id='ctl00_ContentPlaceHolderCortizoCenter_Lst_Valoraciones' name='ctl00$ContentPlaceHolderCortizoCenter$Lst_Valoraciones' visible=True
[2026-02-18 00:06:09.486] [INFO   ]     - id='ctl00_ContentPlaceHolderCortizoCenter_LstMicraje' name='ctl00$ContentPlaceHolderCortizoCenter$LstMicraje' visible=True
[2026-02-18 00:06:09.534] [INFO   ]     - id='ctl00_ContentPlaceHolderCortizoCenter_ddlIdioma' name='ctl00$ContentPlaceHolderCortizoCenter$ddlIdioma' visible=True
[2026-02-18 00:06:09.586] [INFO   ]     - id='ctl00_ContentPlaceHolderCortizoCenter_CbLugEnvioPerfil' name='ctl00$ContentPlaceHolderCortizoCenter$CbLugEnvioPerfil' visible=True
[2026-02-18 00:06:09.637] [INFO   ]     - id='ctl00_ContentPlaceHolderCortizoCenter_CbLugEnvioAcc' name='ctl00$ContentPlaceHolderCortizoCenter$CbLugEnvioAcc' visible=True
[2026-02-18 00:06:09.679] [INFO   ]     - id='ctl00_ContentPlaceHolderCortizoCenter_CbLugEnvioPvc' name='ctl00$ContentPlaceHolderCortizoCenter$CbLugEnvioPvc' visible=True
[2026-02-18 00:06:09.721] [INFO   ]     - id='ddlAcabado_1_ColorGeneral' name='' visible=True
[2026-02-18 00:06:09.771] [INFO   ]     - id='ddlMatiz_1_ColorGeneral' name='' visible=True
[2026-02-18 00:06:09.827] [INFO   ]     - id='ddlAcabado_2_ColorGeneral' name='' visible=True
[2026-02-18 00:06:09.878] [INFO   ]     - id='ddlMatiz_2_ColorGeneral' name='' visible=True
[2026-02-18 00:06:09.920] [INFO   ]     - id='ddlAcabado1_0001' name='' visible=True
[2026-02-18 00:06:09.971] [INFO   ]     - id='ddlMatiz1_0001' name='' visible=True
[2026-02-18 00:06:10.031] [INFO   ]     - id='ddlAcabado2_0001' name='' visible=True
[2026-02-18 00:06:10.084] [INFO   ]     - id='ddlMatiz2_0001' name='' visible=True
[2026-02-18 00:06:10.134] [INFO   ]     - id='ddlBase_0001' name='' visible=True
[2026-02-18 00:06:10.179] [INFO   ]     - id='ddlAcabado1_0002' name='' visible=True
[2026-02-18 00:06:10.221] [INFO   ]     - id='ddlMatiz1_0002' name='' visible=True
[2026-02-18 00:06:10.264] [INFO   ]     - id='ddlAcabado2_0002' name='' visible=True
[2026-02-18 00:06:10.309] [INFO   ]     - id='ddlMatiz2_0002' name='' visible=True
[2026-02-18 00:06:10.352] [INFO   ]     - id='ddlBase_0002' name='' visible=True
[2026-02-18 00:06:10.521] [INFO   ]   Found 190 text input elements:
[2026-02-18 00:06:10.599] [INFO   ]     - id='ctl00_ContentPlaceHolderCortizoCenter_txtPrecioConRotura' name='ctl00$ContentPlaceHolderCortizoCenter$txtPrecioConRotura' visible=True
[2026-02-18 00:06:10.647] [INFO   ]     - id='ctl00_ContentPlaceHolderCortizoCenter_txtPrecioSinRotura' name='ctl00$ContentPlaceHolderCortizoCenter$txtPrecioSinRotura' visible=True
[2026-02-18 00:06:10.691] [INFO   ]     - id='ctl00_ContentPlaceHolderCortizoCenter_txtPrecioLacado' name='ctl00$ContentPlaceHolderCortizoCenter$txtPrecioLacado' visible=True
[2026-02-18 00:06:10.737] [INFO   ]     - id='ctl00_ContentPlaceHolderCortizoCenter_txtPrecioAnodizado' name='ctl00$ContentPlaceHolderCortizoCenter$txtPrecioAnodizado' visible=True
[2026-02-18 00:06:10.782] [INFO   ]     - id='ctl00_ContentPlaceHolderCortizoCenter_txtPVCDescuentoPVC' name='ctl00$ContentPlaceHolderCortizoCenter$txtPVCDescuentoPVC' visible=True
[2026-02-18 00:06:10.823] [INFO   ]     - id='ctl00_ContentPlaceHolderCortizoCenter_txtPVCDescuentoAluminio' name='ctl00$ContentPlaceHolderCortizoCenter$txtPVCDescuentoAluminio' visible=True
[2026-02-18 00:06:10.862] [INFO   ]     - id='ctl00_ContentPlaceHolderCortizoCenter_txtPVCDescuentoAcero' name='ctl00$ContentPlaceHolderCortizoCenter$txtPVCDescuentoAcero' visible=True
[2026-02-18 00:06:10.905] [INFO   ]     - id='ctl00_ContentPlaceHolderCortizoCenter_txtDescuentoAccesorios' name='ctl00$ContentPlaceHolderCortizoCenter$txtDescuentoAccesorios' visible=True
[2026-02-18 00:06:10.958] [INFO   ]     - id='ctl00_ContentPlaceHolderCortizoCenter_NumValoracion' name='ctl00$ContentPlaceHolderCortizoCenter$NumValoracion' visible=False
[2026-02-18 00:06:11.003] [INFO   ]     - id='ctl00_ContentPlaceHolderCortizoCenter_txtCIF' name='ctl00$ContentPlaceHolderCortizoCenter$txtCIF' visible=True
[2026-02-18 00:06:11.050] [INFO   ]     - id='ctl00_ContentPlaceHolderCortizoCenter_txtCodigoCliente' name='ctl00$ContentPlaceHolderCortizoCenter$txtCodigoCliente' visible=True
[2026-02-18 00:06:11.093] [INFO   ]     - id='ctl00_ContentPlaceHolderCortizoCenter_TxtCodPedCliente' name='ctl00$ContentPlaceHolderCortizoCenter$TxtCodPedCliente' visible=True
[2026-02-18 00:06:11.141] [INFO   ]     - id='ctl00_ContentPlaceHolderCortizoCenter_TxtUsuario' name='ctl00$ContentPlaceHolderCortizoCenter$TxtUsuario' visible=False
[2026-02-18 00:06:11.183] [INFO   ]     - id='ctl00_ContentPlaceHolderCortizoCenter_ControlLogin_UsernameTB' name='ctl00$ContentPlaceHolderCortizoCenter$ControlLogin$UsernameTB' visible=False
[2026-02-18 00:06:11.230] [INFO   ]     - id='txtReferencia_0001' name='' visible=True
[2026-02-18 00:06:11.275] [INFO   ]     - id='txtCantidad_0001' name='' visible=True
[2026-02-18 00:06:11.319] [INFO   ]     - id='txtDescripcion_0001' name='' visible=True
[2026-02-18 00:06:11.364] [INFO   ]     - id='txtPrecio_0001' name='' visible=True
[2026-02-18 00:06:11.403] [INFO   ]     - id='txtLongitud_0001' name='' visible=True
[2026-02-18 00:06:11.447] [INFO   ]     - id='txtImporte_0001' name='' visible=True
[2026-02-18 00:06:11.476] [INFO   ]   Found 24 button/link elements:
[2026-02-18 00:06:11.552] [INFO   ]     - id='' text='DECLINE' visible=False
[2026-02-18 00:06:11.620] [INFO   ]     - id='' text='ACCEPT' visible=False
[2026-02-18 00:06:11.683] [INFO   ]     - id='ctl00_ico1' text='' visible=True
[2026-02-18 00:06:11.767] [INFO   ]     - id='ctl00_ico2' text='' visible=True
[2026-02-18 00:06:11.853] [INFO   ]     - id='ctl00_ico3' text='' visible=True
[2026-02-18 00:06:11.923] [INFO   ]     - id='ctl00_ico4' text='' visible=True
[2026-02-18 00:06:11.996] [INFO   ]     - id='ctl00_ico5' text='' visible=True
[2026-02-18 00:06:12.065] [INFO   ]     - id='ctl00_ico6' text='' visible=True
[2026-02-18 00:06:12.129] [INFO   ]     - id='ctl00_ico7' text='' visible=True
[2026-02-18 00:06:12.192] [INFO   ]     - id='ctl00_ico8' text='' visible=True
[2026-02-18 00:06:12.263] [INFO   ]     - id='ctl00_ico9' text='' visible=True
[2026-02-18 00:06:12.326] [INFO   ]     - id='ctl00_ico10' text='' visible=True
[2026-02-18 00:06:12.406] [INFO   ]     - id='ctl00_ico11' text='' visible=False
[2026-02-18 00:06:12.472] [INFO   ]     - id='' text='ES|' visible=True
[2026-02-18 00:06:12.537] [INFO   ]     - id='' text='EN|' visible=True
[2026-02-18 00:06:12.603] [INFO   ]     - id='' text='PT|' visible=True
[2026-02-18 00:06:12.671] [INFO   ]     - id='' text='PL|' visible=True
[2026-02-18 00:06:12.747] [INFO   ]     - id='' text='SK|' visible=True
[2026-02-18 00:06:12.819] [INFO   ]     - id='' text='CZ|' visible=True
[2026-02-18 00:06:12.886] [INFO   ]     - id='' text='FR|' visible=True
[2026-02-18 00:06:12.887] [INFO   ] Creating new valuation...
[2026-02-18 00:06:14.216] [INFO   ] [PAGE STATE - After creating new valuation]
[2026-02-18 00:06:14.216] [INFO   ]   URL: https://ccenter.cortizo.mobi/Valoraciones.aspx?Id=CgAAAB-LCAAAAAAABAAzZDBksARiAwYAwS14mQoAAAA=&Lg=BAAAAB-LCAAAAAAABABzZfBjAACYFXTjBAAAAA==
[2026-02-18 00:06:14.216] [INFO   ]   Title: CORTIZO CENTER
[2026-02-18 00:06:14.267] [INFO   ]   Login Form: Found (Hidden)
[2026-02-18 00:06:14.313] [INFO   ]   Quotations Link: Found (Visible)
[2026-02-18 00:06:14.349] [INFO   ]   Profiles Grid: Found (Visible)
[2026-02-18 00:06:14.383] [INFO   ]   General Color Finish 1: Found (Visible)
[2026-02-18 00:06:14.419] [INFO   ]   First Reference Input: Found (Visible)
[2026-02-18 00:06:14.419] [INFO   ] Setting header fields...
[2026-02-18 00:06:14.423] [INFO   ] [HEADER] Setting header fields...
[2026-02-18 00:06:14.423] [INFO   ] [HEADER] Setting Microns to: 15
[2026-02-18 00:06:14.427] [INFO   ] [SELECT] Trying selector: #ctl00_ContentPlaceHolderCortizoCenter_LstMicraje, select[name*='Micraje'] with value: 15
[2026-02-18 00:06:14.479] [INFO   ] [SELECT] Found element, visible: True
[2026-02-18 00:06:14.659] [INFO   ] [SELECT] Options (3 total): 15='15', 20='20', 25='25'
[2026-02-18 00:06:14.842] [INFO   ] [SELECT] Successfully set by value: 15
[2026-02-18 00:06:14.842] [INFO   ] [HEADER] Setting Language to: ENGLISH
[2026-02-18 00:06:14.842] [INFO   ] [SELECT] Trying selector: #ctl00_ContentPlaceHolderCortizoCenter_ddlIdioma, select[name*='Idioma'] with value: ENGLISH
[2026-02-18 00:06:14.894] [INFO   ] [SELECT] Found element, visible: True
[2026-02-18 00:06:15.543] [INFO   ] [SELECT] Options (12 total): es='ESPAÑOL', en='ENGLISH', pl='POLSKI', cz='ČESKÉ', sk='SLOVENSKO', fr='FRANÇAIS', ro='ROMANA', hu='HUNGARIAN', hu='HRVATSKA', pt='PORTUGUÉS'
[2026-02-18 00:06:45.712] [INFO   ] [SELECT] Set by value failed: Timeout 30000ms exceeded.
Call log:
  -   - attempting select option action
  -     2 × waiting for element to be visible and enabled
  -       - did not find some options
  -     - retrying select option action
  -     - waiting 20ms
  -     2 × waiting for element to be visible and enabled
  -       - did not find some options
  -     - retrying select option action
  -       - waiting 100ms
  -     57 × waiting for element to be visible and enabled
  -        - did not find some options
  -      - retrying select option action
  -        - waiting 500ms, trying by label...
[2026-02-18 00:06:45.869] [INFO   ] [SELECT] Successfully set by label: ENGLISH
[2026-02-18 00:06:45.870] [INFO   ] [HEADER] Setting Finish 1: 90 -> value=90
[2026-02-18 00:06:45.870] [INFO   ] [SELECT] Trying selector: #ddlAcabado_1_ColorGeneral with value: 90
[2026-02-18 00:06:45.906] [INFO   ] [SELECT] Found element, visible: True
[2026-02-18 00:06:46.352] [INFO   ] [SELECT] Options (37 total): ='', 0='PVC', 1='SILVER ANODISED (1)', 10='BLACK ANODISED (10)', 16='ACIER ANODISED (16)', 17='INOX ANODISED (17)', 2='GOLD ANODISED (2)', 21='CHAMPAGNE ANODISED (21)', 22='IVORY ANODISED (22)', 3='BRONZE ANODISED (3)'
[2026-02-18 00:06:46.526] [INFO   ] [SELECT] Successfully set by value: 90
[2026-02-18 00:06:47.027] [INFO   ] [HEADER] Setting Shade 1: P1019M
[2026-02-18 00:06:47.027] [INFO   ] [SELECT] Trying selector: #ddlMatiz_1_ColorGeneral with value: P1019M
[2026-02-18 00:06:47.081] [INFO   ] [SELECT] Found element, visible: True
[2026-02-18 00:06:47.859] [INFO   ] [SELECT] Options (133 total): ='', 1013CM='1013CM', 5011ST='5011ST', 5014CM='5014CM', 7005CM='7005CM', 7011CM='7011CM', 7012CM='7012CM', 7015CM='7015CM', 7015ST='7015ST', 7021CM='7021CM'
[2026-02-18 00:06:48.067] [INFO   ] [SELECT] Successfully set by value: P1019M
[2026-02-18 00:06:48.067] [INFO   ] [HEADER] Setting Finish 2: 90 -> value=90
[2026-02-18 00:06:48.067] [INFO   ] [SELECT] Trying selector: #ddlAcabado_2_ColorGeneral with value: 90
[2026-02-18 00:06:48.172] [INFO   ] [SELECT] Found element, visible: True
[2026-02-18 00:06:48.726] [INFO   ] [SELECT] Options (37 total): ='', 0='PVC', 1='SILVER ANODISED (1)', 10='BLACK ANODISED (10)', 16='ACIER ANODISED (16)', 17='INOX ANODISED (17)', 2='GOLD ANODISED (2)', 21='CHAMPAGNE ANODISED (21)', 22='IVORY ANODISED (22)', 3='BRONZE ANODISED (3)'
[2026-02-18 00:06:48.901] [INFO   ] [SELECT] Successfully set by value: 90
[2026-02-18 00:06:49.404] [INFO   ] [HEADER] Setting Shade 2: P1019M
[2026-02-18 00:06:49.404] [INFO   ] [SELECT] Trying selector: #ddlMatiz_2_ColorGeneral with value: P1019M
[2026-02-18 00:06:49.439] [INFO   ] [SELECT] Found element, visible: True
[2026-02-18 00:06:49.935] [INFO   ] [SELECT] Options (133 total): ='', 1013CM='1013CM', 5011ST='5011ST', 5014CM='5014CM', 7005CM='7005CM', 7011CM='7011CM', 7012CM='7012CM', 7015CM='7015CM', 7015ST='7015ST', 7021CM='7021CM'
[2026-02-18 00:06:50.098] [INFO   ] [SELECT] Successfully set by value: P1019M
[2026-02-18 00:06:50.098] [INFO   ] [HEADER] Header fields set complete
[2026-02-18 00:06:50.102] [INFO   ] [PAGE STATE - After setting header fields]
[2026-02-18 00:06:50.102] [INFO   ]   URL: https://ccenter.cortizo.mobi/Valoraciones.aspx?Id=CgAAAB-LCAAAAAAABAAzZDBksARiAwYAwS14mQoAAAA=&Lg=BAAAAB-LCAAAAAAABABzZfBjAACYFXTjBAAAAA==
[2026-02-18 00:06:50.102] [INFO   ]   Title: CORTIZO CENTER
[2026-02-18 00:06:50.140] [INFO   ]   Login Form: Found (Hidden)
[2026-02-18 00:06:50.182] [INFO   ]   Quotations Link: Found (Visible)
[2026-02-18 00:06:50.217] [INFO   ]   Profiles Grid: Found (Visible)
[2026-02-18 00:06:50.256] [INFO   ]   General Color Finish 1: Found (Visible)
[2026-02-18 00:06:50.298] [INFO   ]   First Reference Input: Found (Visible)
[2026-02-18 00:06:50.299] [INFO   ] Setting customized prices...
[2026-02-18 00:06:50.301] [INFO   ] [PRICES] Setting customized prices...
[2026-02-18 00:06:50.301] [INFO   ] [PRICES] Setting WITH BREAK: 7.56
[2026-02-18 00:06:50.503] [INFO   ] [PRICES] Setting WITHOUT BREAK: 5.16
[2026-02-18 00:06:50.710] [INFO   ] [PRICES] Setting PVC: 15
[2026-02-18 00:06:50.916] [INFO   ] [PRICES] Setting ALUMINIUM: 10
[2026-02-18 00:06:51.137] [INFO   ] [PRICES] Setting ACCESSORIES DISCOUNT: 10
[2026-02-18 00:06:51.422] [INFO   ] [PRICES] Customized prices set complete
[2026-02-18 00:06:51.426] [INFO   ] [PAGE STATE - After setting customized prices]
[2026-02-18 00:06:51.426] [INFO   ]   URL: https://ccenter.cortizo.mobi/Valoraciones.aspx?Id=CgAAAB-LCAAAAAAABAAzZDBksARiAwYAwS14mQoAAAA=&Lg=BAAAAB-LCAAAAAAABABzZfBjAACYFXTjBAAAAA==
[2026-02-18 00:06:51.426] [INFO   ]   Title: CORTIZO CENTER
[2026-02-18 00:06:51.507] [INFO   ]   Login Form: Found (Hidden)
[2026-02-18 00:06:51.597] [INFO   ]   Quotations Link: Found (Visible)
[2026-02-18 00:06:51.700] [INFO   ]   Profiles Grid: Found (Visible)
[2026-02-18 00:06:51.789] [INFO   ]   General Color Finish 1: Found (Visible)
[2026-02-18 00:06:51.880] [INFO   ]   First Reference Input: Found (Visible)
[2026-02-18 00:06:51.881] [INFO   ] Ensuring 26 rows are available in the grid...
[2026-02-18 00:06:53.859] [INFO   ] Filling 26 profile items (fast batch mode)...
[2026-02-18 00:06:53.870] [INFO   ] [FILL] Starting fill for 26 profiles...
[2026-02-18 00:06:53.975] [INFO   ] [FILL] Header values - Finish1: 90, Shade1: , Finish2: 90, Shade2: 
[2026-02-18 00:06:53.975] [INFO   ] [ROW 0001] Processing: REF=2015, AMT=34
[2026-02-18 00:06:56.056] [WARNING] [ROW 0001] Amount not calculated, retrying with longer wait...
[2026-02-18 00:06:57.958] [SUCCESS] [ROW 0001] Amount calculated on second retry: 559,13 €
[2026-02-18 00:06:57.958] [INFO   ] [ROW 0002] Processing: REF=2019, AMT=278
[2026-02-18 00:06:59.816] [WARNING] [ROW 0002] Amount not calculated, retrying with longer wait...
[2026-02-18 00:07:01.654] [SUCCESS] [ROW 0002] Amount calculated on second retry: 3740,49 €
[2026-02-18 00:07:01.654] [INFO   ] [ROW 0003] Processing: REF=2030, AMT=8
[2026-02-18 00:07:03.702] [WARNING] [ROW 0003] Amount not calculated, retrying with longer wait...
[2026-02-18 00:07:04.658] [SUCCESS] [ROW 0003] Amount calculated on retry: 63,44 €
[2026-02-18 00:07:04.658] [INFO   ] [ROW 0004] Processing: REF=3847, AMT=24
[2026-02-18 00:07:06.726] [WARNING] [ROW 0004] Amount not calculated, retrying with longer wait...
[2026-02-18 00:07:08.634] [SUCCESS] [ROW 0004] Amount calculated on second retry: 1594,32 €
[2026-02-18 00:07:08.635] [INFO   ] [ROW 0005] Processing: REF=4503, AMT=24
[2026-02-18 00:07:11.038] [WARNING] [ROW 0005] Amount not calculated, retrying with longer wait...
[2026-02-18 00:07:13.007] [ERROR  ] [ROW 0005] Amount still not calculated after retries
[2026-02-18 00:07:13.008] [INFO   ] [ROW 0006] Processing: REF=4601, AMT=35
[2026-02-18 00:07:15.417] [WARNING] [ROW 0006] Amount not calculated, retrying with longer wait...
[2026-02-18 00:07:17.461] [ERROR  ] [ROW 0006] Amount still not calculated after retries
[2026-02-18 00:07:17.462] [INFO   ] [ROW 0007] Processing: REF=4602, AMT=30
[2026-02-18 00:07:19.843] [WARNING] [ROW 0007] Amount not calculated, retrying with longer wait...
[2026-02-18 00:07:22.007] [ERROR  ] [ROW 0007] Amount still not calculated after retries
[2026-02-18 00:07:22.008] [INFO   ] [ROW 0008] Processing: REF=4605, AMT=13
[2026-02-18 00:07:24.996] [WARNING] [ROW 0008] Amount not calculated, retrying with longer wait...
[2026-02-18 00:07:26.114] [SUCCESS] [ROW 0008] Amount calculated on retry: 347,30 €
[2026-02-18 00:07:26.115] [INFO   ] [ROW 0009] Processing: REF=4606, AMT=13
[2026-02-18 00:07:29.365] [WARNING] [ROW 0009] Amount not calculated, retrying with longer wait...
[2026-02-18 00:07:31.687] [ERROR  ] [ROW 0009] Amount still not calculated after retries
[2026-02-18 00:07:31.688] [INFO   ] [ROW 0010] Processing: REF=4607, AMT=25
[2026-02-18 00:07:34.520] [WARNING] [ROW 0010] Amount not calculated, retrying with longer wait...
[2026-02-18 00:07:36.877] [SUCCESS] [ROW 0010] Amount calculated on second retry: 299,00 €
[2026-02-18 00:07:36.879] [INFO   ] [ROW 0011] Processing: REF=4610, AMT=35
[2026-02-18 00:07:40.109] [WARNING] [ROW 0011] Amount not calculated, retrying with longer wait...
[2026-02-18 00:07:42.348] [ERROR  ] [ROW 0011] Amount still not calculated after retries
[2026-02-18 00:07:42.349] [INFO   ] [ROW 0012] Processing: REF=4615, AMT=3
[2026-02-18 00:07:45.093] [WARNING] [ROW 0012] Amount not calculated, retrying with longer wait...
[2026-02-18 00:07:47.619] [ERROR  ] [ROW 0012] Amount still not calculated after retries
[2026-02-18 00:07:47.619] [INFO   ] [ROW 0013] Processing: REF=4662, AMT=10
[2026-02-18 00:07:50.894] [WARNING] [ROW 0013] Amount not calculated, retrying with longer wait...
[2026-02-18 00:07:53.440] [ERROR  ] [ROW 0013] Amount still not calculated after retries
[2026-02-18 00:07:53.440] [INFO   ] [ROW 0014] Processing: REF=4665, AMT=10
[2026-02-18 00:07:56.472] [WARNING] [ROW 0014] Amount not calculated, retrying with longer wait...
[2026-02-18 00:07:58.779] [ERROR  ] [ROW 0014] Amount still not calculated after retries
[2026-02-18 00:07:58.780] [INFO   ] [ROW 0015] Processing: REF=4681, AMT=13
[2026-02-18 00:08:02.773] [WARNING] [ROW 0015] Amount not calculated, retrying with longer wait...
[2026-02-18 00:08:05.122] [SUCCESS] [ROW 0015] Amount calculated on second retry: 3697,72 €
[2026-02-18 00:08:05.122] [INFO   ] [ROW 0016] Processing: REF=7251, AMT=17
[2026-02-18 00:08:08.624] [WARNING] [ROW 0016] Amount not calculated, retrying with longer wait...
[2026-02-18 00:08:11.215] [ERROR  ] [ROW 0016] Amount still not calculated after retries
[2026-02-18 00:08:11.215] [INFO   ] [ROW 0017] Processing: REF=7920, AMT=103
[2026-02-18 00:08:14.333] [WARNING] [ROW 0017] Amount not calculated, retrying with longer wait...
[2026-02-18 00:08:16.759] [SUCCESS] [ROW 0017] Amount calculated on second retry: 9794,79 €
[2026-02-18 00:08:16.760] [INFO   ] [ROW 0018] Processing: REF=7926, AMT=16
[2026-02-18 00:08:20.286] [WARNING] [ROW 0018] Amount not calculated, retrying with longer wait...
[2026-02-18 00:08:22.774] [ERROR  ] [ROW 0018] Amount still not calculated after retries
[2026-02-18 00:08:22.774] [INFO   ] [ROW 0019] Processing: REF=7935, AMT=181
[2026-02-18 00:08:27.646] [WARNING] [ROW 0019] Amount not calculated, retrying with longer wait...
[2026-02-18 00:08:29.089] [SUCCESS] [ROW 0019] Amount calculated on retry: 18106,34 €
[2026-02-18 00:08:29.091] [INFO   ] [ROW 0020] Processing: REF=7985, AMT=17
[2026-02-18 00:08:33.539] [WARNING] [ROW 0020] Amount not calculated, retrying with longer wait...
[2026-02-18 00:08:36.313] [SUCCESS] [ROW 0020] Amount calculated on second retry: 2112,76 €
[2026-02-18 00:08:36.313] [INFO   ] [ROW 0021] Processing: REF=7990, AMT=3
[2026-02-18 00:08:40.890] [WARNING] [ROW 0021] Amount not calculated, retrying with longer wait...
[2026-02-18 00:08:42.499] [SUCCESS] [ROW 0021] Amount calculated on retry: 185,25 €
[2026-02-18 00:08:42.500] [INFO   ] [ROW 0022] Processing: REF=7992, AMT=3
[2026-02-18 00:08:47.166] [WARNING] [ROW 0022] Amount not calculated, retrying with longer wait...
[2026-02-18 00:08:50.633] [ERROR  ] [ROW 0022] Amount still not calculated after retries
[2026-02-18 00:08:50.633] [INFO   ] [ROW 0023] Processing: REF=8090, AMT=3
[2026-02-18 00:08:54.920] [WARNING] [ROW 0023] Amount not calculated, retrying with longer wait...
[2026-02-18 00:08:57.678] [ERROR  ] [ROW 0023] Amount still not calculated after retries
[2026-02-18 00:08:57.679] [INFO   ] [ROW 0024] Processing: REF=8141, AMT=13
[2026-02-18 00:09:02.158] [WARNING] [ROW 0024] Amount not calculated, retrying with longer wait...
[2026-02-18 00:09:05.253] [SUCCESS] [ROW 0024] Amount calculated on second retry: 1176,24 €
[2026-02-18 00:09:05.254] [INFO   ] [ROW 0025] Processing: REF=8143, AMT=48
[2026-02-18 00:09:10.696] [WARNING] [ROW 0025] Amount not calculated, retrying with longer wait...
[2026-02-18 00:09:13.814] [SUCCESS] [ROW 0025] Amount calculated on second retry: 5538,00 €
[2026-02-18 00:09:13.815] [INFO   ] [ROW 0026] Processing: REF=8145, AMT=1
[2026-02-18 00:09:18.881] [WARNING] [ROW 0026] Amount not calculated, retrying with longer wait...
[2026-02-18 00:09:22.090] [ERROR  ] [ROW 0026] Amount still not calculated after retries
[2026-02-18 00:09:22.090] [INFO   ] [FILL] Final verification pass...
[2026-02-18 00:09:34.521] [SUCCESS] [FILL] All rows have amounts calculated!
[2026-02-18 00:09:34.522] [INFO   ] [FILL] All rows processed!
[2026-02-18 00:09:34.523] [SUCCESS] All 26 profile rows filled successfully
[2026-02-18 00:09:34.523] [INFO   ] Filling 35 accessories...
[2026-02-18 00:09:34.527] [INFO   ] [ACCESSORIES] Starting fill for 35 accessories...
[2026-02-18 00:09:35.043] [INFO   ] [ACCESSORIES] Current rows: 16, needed: 35
[2026-02-18 00:09:46.643] [INFO   ] [ACC 0001] Processing: REF=222085, AMT=104, DESC=Die cut cleat
[2026-02-18 00:09:49.832] [SUCCESS] [ACC 0001] Amount calculated: 20,70 €
[2026-02-18 00:09:49.833] [INFO   ] [ACC 0002] Processing: REF=222476, AMT=64, DESC=Window sash cleat
[2026-02-18 00:09:53.276] [SUCCESS] [ACC 0002] Amount calculated: 19,80 €
[2026-02-18 00:09:53.277] [INFO   ] [ACC 0003] Processing: REF=280005, AMT=24, DESC=Rivet nut M5
[2026-02-18 00:09:56.185] [WARNING] [ACC 0003] Amount not calculated - added to unfilled list
[2026-02-18 00:09:56.185] [INFO   ] [ACC 0004] Processing: REF=287311, AMT=120, DESC=Alignment cleat
[2026-02-18 00:09:58.906] [WARNING] [ACC 0004] Amount not calculated - added to unfilled list
[2026-02-18 00:09:58.906] [INFO   ] [ACC 0005] Processing: REF=296839, AMT=33, DESC=Alignment Cleat
[2026-02-18 00:10:02.366] [WARNING] [ACC 0005] Amount not calculated - added to unfilled list
[2026-02-18 00:10:02.366] [INFO   ] [ACC 0006] Processing: REF=304500, AMT=26, DESC=Sash centralizer set
[2026-02-18 00:10:05.156] [WARNING] [ACC 0006] Amount not calculated - added to unfilled list
[2026-02-18 00:10:05.156] [INFO   ] [ACC 0007] Processing: REF=310100, AMT=151, DESC=Ø8 drainage tube
[2026-02-18 00:10:07.755] [WARNING] [ACC 0007] Amount not calculated - added to unfilled list
[2026-02-18 00:10:07.755] [INFO   ] [ACC 0008] Processing: REF=324625, AMT=156, DESC=7x16x50 mm wool pile
[2026-02-18 00:10:10.915] [WARNING] [ACC 0008] Amount not calculated - added to unfilled list
[2026-02-18 00:10:10.915] [INFO   ] [ACC 0009] Processing: REF=327921, AMT=508, DESC=Round teton cleat
[2026-02-18 00:10:13.530] [WARNING] [ACC 0009] Amount not calculated - added to unfilled list
[2026-02-18 00:10:13.530] [INFO   ] [ACC 0010] Processing: REF=327971, AMT=100, DESC=Overlapped outer transom cap 1,
[2026-02-18 00:10:16.473] [WARNING] [ACC 0010] Amount not calculated - added to unfilled list
[2026-02-18 00:10:16.473] [INFO   ] [ACC 0011] Processing: REF=327980, AMT=56, DESC=Frame wedge Cor-70 Industrial
[2026-02-18 00:10:20.125] [WARNING] [ACC 0011] Amount not calculated - added to unfilled list
[2026-02-18 00:10:20.125] [INFO   ] [ACC 0012] Processing: REF=327981, AMT=812, DESC=Sash wedge Cor-70 Industrial
[2026-02-18 00:10:22.781] [WARNING] [ACC 0012] Amount not calculated - added to unfilled list
[2026-02-18 00:10:22.781] [INFO   ] [ACC 0013] Processing: REF=334601, AMT=3, DESC=Bottom+top windbreak kit
[2026-02-18 00:10:24.994] [WARNING] [ACC 0013] Amount not calculated - added to unfilled list
[2026-02-18 00:10:24.994] [INFO   ] [ACC 0014] Processing: REF=334605, AMT=26, DESC=Intersection cover set
[2026-02-18 00:10:27.298] [WARNING] [ACC 0014] Amount not calculated - added to unfilled list
[2026-02-18 00:10:27.298] [INFO   ] [ACC 0015] Processing: REF=347922, AMT=508, DESC=Mechanical cleat
[2026-02-18 00:10:29.416] [WARNING] [ACC 0015] Amount not calculated - added to unfilled list
[2026-02-18 00:10:29.416] [INFO   ] [ACC 0016] Processing: REF=354601, AMT=8, DESC=Glass wedge 4600 lift and slide
[2026-02-18 00:10:31.744] [WARNING] [ACC 0016] Amount not calculated - added to unfilled list
[2026-02-18 00:10:31.744] [INFO   ] [ACC 0017] Processing: REF=354611, AMT=10, DESC=Trickle vent set minimalist 2 sash
[2026-02-18 00:10:34.472] [WARNING] [ACC 0017] Amount not calculated - added to unfilled list
[2026-02-18 00:10:34.472] [INFO   ] [ACC 0018] Processing: REF=357043, AMT=525, DESC=Assembly corner cleat of 31,2 x 6,7 mm 1.26 m (4) 364512 Without 1301-1800 union bar 1.76 m (7) 364513 Without 1801-2300 union bar 2.76 m (2) 364514 Without 2301-3300 union bar
[2026-02-18 00:10:36.727] [WARNING] [ACC 0018] Amount not calculated - added to unfilled list
[2026-02-18 00:10:36.727] [INFO   ] [ACC 0019] Processing: REF=367049, AMT=56, DESC=Assembly corner cleat of 35,5 x 25,8 mm
[2026-02-18 00:10:39.704] [WARNING] [ACC 0019] Amount not calculated - added to unfilled list
[2026-02-18 00:10:39.704] [INFO   ] [ACC 0020] Processing: REF=367926, AMT=56, DESC=Assembly corner cleat of 39 x 7,8 mm
[2026-02-18 00:10:43.000] [WARNING] [ACC 0020] Amount not calculated - added to unfilled list
[2026-02-18 00:10:43.000] [INFO   ] [ACC 0021] Processing: REF=367935, AMT=525, DESC=Assembly cleat of 31,2 x 19 mm
[2026-02-18 00:10:46.551] [WARNING] [ACC 0021] Amount not calculated - added to unfilled list
[2026-02-18 00:10:46.551] [INFO   ] [ACC 0022] Processing: REF=374682, AMT=26, DESC=Tapa lateral solera Cor-4681
[2026-02-18 00:10:49.429] [WARNING] [ACC 0022] Amount not calculated - added to unfilled list
[2026-02-18 00:10:49.429] [INFO   ] [ACC 0023] Processing: REF=377985, AMT=26, DESC=Kit supplement frame caps
[2026-02-18 00:10:52.533] [WARNING] [ACC 0023] Amount not calculated - added to unfilled list
[2026-02-18 00:10:52.533] [INFO   ] [ACC 0024] Processing: REF=418181, AMT=122, DESC=Transom joint for COR-8181
[2026-02-18 00:10:55.537] [WARNING] [ACC 0024] Amount not calculated - added to unfilled list
[2026-02-18 00:10:55.537] [INFO   ] [ACC 0025] Processing: REF=418182, AMT=272, DESC=30.5 transom stop
[2026-02-18 00:10:58.496] [WARNING] [ACC 0025] Amount not calculated - added to unfilled list
[2026-02-18 00:10:58.496] [INFO   ] [ACC 0026] Processing: REF=418183, AMT=2, DESC=Transom joint for COR-8183
[2026-02-18 00:11:01.582] [WARNING] [ACC 0026] Amount not calculated - added to unfilled list
[2026-02-18 00:11:01.582] [INFO   ] [ACC 0027] Processing: REF=423756, AMT=786, DESC=Alignment cleat
[2026-02-18 00:11:03.811] [WARNING] [ACC 0027] Amount not calculated - added to unfilled list
[2026-02-18 00:11:03.811] [INFO   ] [ACC 0028] Processing: REF=427992, AMT=14, DESC=1 sash cap set
[2026-02-18 00:11:06.137] [WARNING] [ACC 0028] Amount not calculated - added to unfilled list
[2026-02-18 00:11:06.137] [INFO   ] [ACC 0029] Processing: REF=812913, AMT=400, DESC=DIN7981 Ø2,9x13 Screws
[2026-02-18 00:11:08.784] [WARNING] [ACC 0029] Amount not calculated - added to unfilled list
[2026-02-18 00:11:08.784] [INFO   ] [ACC 0030] Processing: REF=814219, AMT=156, DESC=DIN7981 Ø4,2x19 screws
[2026-02-18 00:11:11.223] [SUCCESS] [ACC 0030] Amount calculated: 45,00 €
[2026-02-18 00:11:11.224] [INFO   ] [ACC 0031] Processing: REF=814232, AMT=160, DESC=DIN7981 Ø4,2x32 screws
[2026-02-18 00:11:13.853] [SUCCESS] [ACC 0031] Amount calculated: 54,00 €
[2026-02-18 00:11:13.854] [INFO   ] [ACC 0032] Processing: REF=824219, AMT=156, DESC=DIN7982 Ø4,2x19 screws
[2026-02-18 00:11:15.957] [WARNING] [ACC 0032] Amount not calculated - added to unfilled list
[2026-02-18 00:11:15.957] [INFO   ] [ACC 0033] Processing: REF=920100, AMT=476, DESC=Drainage cover
[2026-02-18 00:11:18.338] [WARNING] [ACC 0033] Amount not calculated - added to unfilled list
[2026-02-18 00:11:18.338] [INFO   ] [ACC 0034] Processing: REF=920135, AMT=692, DESC=Alignment cleat
[2026-02-18 00:11:20.757] [WARNING] [ACC 0034] Amount not calculated - added to unfilled list
[2026-02-18 00:11:20.757] [INFO   ] [ACC 0035] Processing: REF=920150, AMT=68, DESC=Door transom cleat
[2026-02-18 00:11:22.962] [WARNING] [ACC 0035] Amount not calculated - added to unfilled list
[2026-02-18 00:11:22.962] [WARNING] [ACCESSORIES] 31 accessories missing amounts - need manual review
[2026-02-18 00:11:22.962] [INFO   ] [ACCESSORIES] Accessory fill complete!
[2026-02-18 00:11:22.964] [SUCCESS] All 35 accessories filled successfully
[2026-02-18 00:11:25.165] [INFO   ] Cortizo ESTIMATE TOTAL: 69389.46 EUR
[2026-02-18 00:11:25.166] [WARNING] UNFILLED ACCESSORIES: 31 items need manual review
[2026-02-18 00:11:25.167] [WARNING]   - Row 0003: REF 280005 x 24 - Amount not calculated - needs manual review
[2026-02-18 00:11:25.167] [WARNING]   - Row 0004: REF 287311 x 120 - Amount not calculated - needs manual review
[2026-02-18 00:11:25.168] [WARNING]   - Row 0005: REF 296839 x 33 - Amount not calculated - needs manual review
[2026-02-18 00:11:25.168] [WARNING]   - Row 0006: REF 304500 x 26 - Amount not calculated - needs manual review
[2026-02-18 00:11:25.169] [WARNING]   - Row 0007: REF 310100 x 151 - Amount not calculated - needs manual review
[2026-02-18 00:11:25.170] [WARNING]   - Row 0008: REF 324625 x 156 - Amount not calculated - needs manual review
[2026-02-18 00:11:25.170] [WARNING]   - Row 0009: REF 327921 x 508 - Amount not calculated - needs manual review
[2026-02-18 00:11:25.170] [WARNING]   - Row 0010: REF 327971 x 100 - Amount not calculated - needs manual review
[2026-02-18 00:11:25.171] [WARNING]   - Row 0011: REF 327980 x 56 - Amount not calculated - needs manual review
[2026-02-18 00:11:25.171] [WARNING]   - Row 0012: REF 327981 x 812 - Amount not calculated - needs manual review
[2026-02-18 00:11:25.171] [WARNING]   - Row 0013: REF 334601 x 3 - Amount not calculated - needs manual review
[2026-02-18 00:11:25.172] [WARNING]   - Row 0014: REF 334605 x 26 - Amount not calculated - needs manual review
[2026-02-18 00:11:25.173] [WARNING]   - Row 0015: REF 347922 x 508 - Amount not calculated - needs manual review
[2026-02-18 00:11:25.173] [WARNING]   - Row 0016: REF 354601 x 8 - Amount not calculated - needs manual review
[2026-02-18 00:11:25.173] [WARNING]   - Row 0017: REF 354611 x 10 - Amount not calculated - needs manual review
[2026-02-18 00:11:25.174] [WARNING]   - Row 0018: REF 357043 x 525 - Amount not calculated - needs manual review
[2026-02-18 00:11:25.174] [WARNING]   - Row 0019: REF 367049 x 56 - Amount not calculated - needs manual review
[2026-02-18 00:11:25.175] [WARNING]   - Row 0020: REF 367926 x 56 - Amount not calculated - needs manual review
[2026-02-18 00:11:25.175] [WARNING]   - Row 0021: REF 367935 x 525 - Amount not calculated - needs manual review
[2026-02-18 00:11:25.176] [WARNING]   - Row 0022: REF 374682 x 26 - Amount not calculated - needs manual review
[2026-02-18 00:11:25.177] [WARNING]   - Row 0023: REF 377985 x 26 - Amount not calculated - needs manual review
[2026-02-18 00:11:25.177] [WARNING]   - Row 0024: REF 418181 x 122 - Amount not calculated - needs manual review
[2026-02-18 00:11:25.177] [WARNING]   - Row 0025: REF 418182 x 272 - Amount not calculated - needs manual review
[2026-02-18 00:11:25.178] [WARNING]   - Row 0026: REF 418183 x 2 - Amount not calculated - needs manual review
[2026-02-18 00:11:25.178] [WARNING]   - Row 0027: REF 423756 x 786 - Amount not calculated - needs manual review
[2026-02-18 00:11:25.179] [WARNING]   - Row 0028: REF 427992 x 14 - Amount not calculated - needs manual review
[2026-02-18 00:11:25.179] [WARNING]   - Row 0029: REF 812913 x 400 - Amount not calculated - needs manual review
[2026-02-18 00:11:25.180] [WARNING]   - Row 0032: REF 824219 x 156 - Amount not calculated - needs manual review
[2026-02-18 00:11:25.180] [WARNING]   - Row 0033: REF 920100 x 476 - Amount not calculated - needs manual review
[2026-02-18 00:11:25.181] [WARNING]   - Row 0034: REF 920135 x 692 - Amount not calculated - needs manual review
[2026-02-18 00:11:25.182] [WARNING]   - Row 0035: REF 920150 x 68 - Amount not calculated - needs manual review
[2026-02-18 00:11:25.182] [WARNING] Automation completed. 61/61 items processed. Browser remains open for manual review - close application to close browser.
[2026-02-18 00:11:30.082] [INFO   ] Browser kept open for manual review. Close application to close browser.
[2026-02-18 00:11:30.093] [INFO   ] Disposing automation service...
[2026-02-18 00:11:31.506] [INFO   ] Automation service disposed.
