[2026-02-17 23:36:03.832] [INFO   ] Initializing browser automation...
[2026-02-17 23:36:05.370] [INFO   ] Navigating to Cortizo Center login page...
[2026-02-17 23:36:05.370] [INFO   ] Target URL: https://cortizocenter.com/Login.aspx
[2026-02-17 23:36:08.026] [INFO   ] [PAGE STATE - After loading login page]
[2026-02-17 23:36:08.026] [INFO   ]   URL: https://cortizocenter.com/Login.aspx
[2026-02-17 23:36:08.026] [INFO   ]   Title: CORTIZO CENTER
[2026-02-17 23:36:08.133] [INFO   ]   Login Form: Found (Visible)
[2026-02-17 23:36:08.144] [INFO   ]   Quotations Link: Not Found
[2026-02-17 23:36:08.151] [INFO   ]   Profiles Grid: Not Found
[2026-02-17 23:36:08.156] [INFO   ]   General Color Finish 1: Not Found
[2026-02-17 23:36:08.161] [INFO   ]   First Reference Input: Not Found
[2026-02-17 23:36:08.162] [INFO   ] Logging in...
[2026-02-17 23:36:08.162] [INFO   ] [LOGIN] Starting login process...
[2026-02-17 23:36:08.162] [INFO   ] [LOGIN] Waiting for login form...
[2026-02-17 23:36:08.195] [INFO   ] [LOGIN] Filling username: salesadria
[2026-02-17 23:36:08.335] [INFO   ] [LOGIN] Filling password: ********
[2026-02-17 23:36:08.469] [INFO   ] [LOGIN] Looking for login button...
[2026-02-17 23:36:08.486] [INFO   ] [LOGIN] Found button with selector: text=ACCEDER
[2026-02-17 23:36:09.633] [INFO   ] [LOGIN] Clicked login button
[2026-02-17 23:36:11.634] [INFO   ] [LOGIN] Current URL after login attempt: https://cortizocenter.com/Inicio.aspx
[2026-02-17 23:36:11.636] [SUCCESS] Login successful!
[2026-02-17 23:36:11.645] [INFO   ] [PAGE STATE - After login]
[2026-02-17 23:36:11.645] [INFO   ]   URL: https://cortizocenter.com/Inicio.aspx
[2026-02-17 23:36:11.645] [INFO   ]   Title: CORTIZO CENTER
[2026-02-17 23:36:11.663] [INFO   ]   Login Form: Not Found
[2026-02-17 23:36:11.701] [INFO   ]   Quotations Link: Found (Visible)
[2026-02-17 23:36:11.705] [INFO   ]   Profiles Grid: Not Found
[2026-02-17 23:36:11.708] [INFO   ]   General Color Finish 1: Not Found
[2026-02-17 23:36:11.714] [INFO   ]   First Reference Input: Not Found
[2026-02-17 23:36:11.715] [INFO   ] Navigating to Quotations / Online Orders...
[2026-02-17 23:36:11.715] [INFO   ] [NAVIGATE] Starting navigation to Quotations...
[2026-02-17 23:36:11.715] [INFO   ] [NAVIGATE] Current URL: https://cortizocenter.com/Inicio.aspx
[2026-02-17 23:36:11.715] [INFO   ] [NAVIGATE] Trying selector: #ctl00_ico7
[2026-02-17 23:36:11.737] [INFO   ] [NAVIGATE] Found element! Visible: True
[2026-02-17 23:36:31.236] [INFO   ] [NAVIGATE] Clicked element, waiting for navigation...
[2026-02-17 23:36:36.626] [INFO   ] [NAVIGATE] Navigation complete. New URL: https://ccenter.cortizo.mobi/Valoraciones.aspx?Id=CgAAAB-LCAAAAAAABAAzZDBksARiAwYAwS14mQoAAAA=&Lg=BAAAAB-LCAAAAAAABABzZfBjAACYFXTjBAAAAA==
[2026-02-17 23:36:36.629] [INFO   ] [PAGE STATE - After navigating to quotations]
[2026-02-17 23:36:36.629] [INFO   ]   URL: https://ccenter.cortizo.mobi/Valoraciones.aspx?Id=CgAAAB-LCAAAAAAABAAzZDBksARiAwYAwS14mQoAAAA=&Lg=BAAAAB-LCAAAAAAABABzZfBjAACYFXTjBAAAAA==
[2026-02-17 23:36:36.629] [INFO   ]   Title: CORTIZO CENTER
[2026-02-17 23:36:36.687] [INFO   ]   Login Form: Found (Hidden)
[2026-02-17 23:36:36.735] [INFO   ]   Quotations Link: Found (Visible)
[2026-02-17 23:36:36.785] [INFO   ]   Profiles Grid: Found (Visible)
[2026-02-17 23:36:36.834] [INFO   ]   General Color Finish 1: Found (Visible)
[2026-02-17 23:36:36.882] [INFO   ]   First Reference Input: Found (Visible)
[2026-02-17 23:36:36.883] [INFO   ] [AVAILABLE SELECTORS in body]
[2026-02-17 23:36:36.981] [INFO   ]   Found 124 select elements:
[2026-02-17 23:36:37.056] [INFO   ]     - id='ctl00_ContentPlaceHolderCortizoCenter_Lst_Valoraciones' name='ctl00$ContentPlaceHolderCortizoCenter$Lst_Valoraciones' visible=True
[2026-02-17 23:36:37.100] [INFO   ]     - id='ctl00_ContentPlaceHolderCortizoCenter_LstMicraje' name='ctl00$ContentPlaceHolderCortizoCenter$LstMicraje' visible=True
[2026-02-17 23:36:37.152] [INFO   ]     - id='ctl00_ContentPlaceHolderCortizoCenter_ddlIdioma' name='ctl00$ContentPlaceHolderCortizoCenter$ddlIdioma' visible=True
[2026-02-17 23:36:37.195] [INFO   ]     - id='ctl00_ContentPlaceHolderCortizoCenter_CbLugEnvioPerfil' name='ctl00$ContentPlaceHolderCortizoCenter$CbLugEnvioPerfil' visible=True
[2026-02-17 23:36:37.243] [INFO   ]     - id='ctl00_ContentPlaceHolderCortizoCenter_CbLugEnvioAcc' name='ctl00$ContentPlaceHolderCortizoCenter$CbLugEnvioAcc' visible=True
[2026-02-17 23:36:37.290] [INFO   ]     - id='ctl00_ContentPlaceHolderCortizoCenter_CbLugEnvioPvc' name='ctl00$ContentPlaceHolderCortizoCenter$CbLugEnvioPvc' visible=True
[2026-02-17 23:36:37.348] [INFO   ]     - id='ddlAcabado_1_ColorGeneral' name='' visible=True
[2026-02-17 23:36:37.393] [INFO   ]     - id='ddlMatiz_1_ColorGeneral' name='' visible=True
[2026-02-17 23:36:37.430] [INFO   ]     - id='ddlAcabado_2_ColorGeneral' name='' visible=True
[2026-02-17 23:36:37.471] [INFO   ]     - id='ddlMatiz_2_ColorGeneral' name='' visible=True
[2026-02-17 23:36:37.518] [INFO   ]     - id='ddlAcabado1_0001' name='' visible=True
[2026-02-17 23:36:37.566] [INFO   ]     - id='ddlMatiz1_0001' name='' visible=True
[2026-02-17 23:36:37.610] [INFO   ]     - id='ddlAcabado2_0001' name='' visible=True
[2026-02-17 23:36:37.656] [INFO   ]     - id='ddlMatiz2_0001' name='' visible=True
[2026-02-17 23:36:37.706] [INFO   ]     - id='ddlBase_0001' name='' visible=True
[2026-02-17 23:36:37.750] [INFO   ]     - id='ddlAcabado1_0002' name='' visible=True
[2026-02-17 23:36:37.787] [INFO   ]     - id='ddlMatiz1_0002' name='' visible=True
[2026-02-17 23:36:37.836] [INFO   ]     - id='ddlAcabado2_0002' name='' visible=True
[2026-02-17 23:36:37.894] [INFO   ]     - id='ddlMatiz2_0002' name='' visible=True
[2026-02-17 23:36:37.943] [INFO   ]     - id='ddlBase_0002' name='' visible=True
[2026-02-17 23:36:38.116] [INFO   ]   Found 190 text input elements:
[2026-02-17 23:36:38.192] [INFO   ]     - id='ctl00_ContentPlaceHolderCortizoCenter_txtPrecioConRotura' name='ctl00$ContentPlaceHolderCortizoCenter$txtPrecioConRotura' visible=True
[2026-02-17 23:36:38.234] [INFO   ]     - id='ctl00_ContentPlaceHolderCortizoCenter_txtPrecioSinRotura' name='ctl00$ContentPlaceHolderCortizoCenter$txtPrecioSinRotura' visible=True
[2026-02-17 23:36:38.280] [INFO   ]     - id='ctl00_ContentPlaceHolderCortizoCenter_txtPrecioLacado' name='ctl00$ContentPlaceHolderCortizoCenter$txtPrecioLacado' visible=True
[2026-02-17 23:36:38.323] [INFO   ]     - id='ctl00_ContentPlaceHolderCortizoCenter_txtPrecioAnodizado' name='ctl00$ContentPlaceHolderCortizoCenter$txtPrecioAnodizado' visible=True
[2026-02-17 23:36:38.359] [INFO   ]     - id='ctl00_ContentPlaceHolderCortizoCenter_txtPVCDescuentoPVC' name='ctl00$ContentPlaceHolderCortizoCenter$txtPVCDescuentoPVC' visible=True
[2026-02-17 23:36:38.404] [INFO   ]     - id='ctl00_ContentPlaceHolderCortizoCenter_txtPVCDescuentoAluminio' name='ctl00$ContentPlaceHolderCortizoCenter$txtPVCDescuentoAluminio' visible=True
[2026-02-17 23:36:38.453] [INFO   ]     - id='ctl00_ContentPlaceHolderCortizoCenter_txtPVCDescuentoAcero' name='ctl00$ContentPlaceHolderCortizoCenter$txtPVCDescuentoAcero' visible=True
[2026-02-17 23:36:38.508] [INFO   ]     - id='ctl00_ContentPlaceHolderCortizoCenter_txtDescuentoAccesorios' name='ctl00$ContentPlaceHolderCortizoCenter$txtDescuentoAccesorios' visible=True
[2026-02-17 23:36:38.553] [INFO   ]     - id='ctl00_ContentPlaceHolderCortizoCenter_NumValoracion' name='ctl00$ContentPlaceHolderCortizoCenter$NumValoracion' visible=False
[2026-02-17 23:36:38.600] [INFO   ]     - id='ctl00_ContentPlaceHolderCortizoCenter_txtCIF' name='ctl00$ContentPlaceHolderCortizoCenter$txtCIF' visible=True
[2026-02-17 23:36:38.641] [INFO   ]     - id='ctl00_ContentPlaceHolderCortizoCenter_txtCodigoCliente' name='ctl00$ContentPlaceHolderCortizoCenter$txtCodigoCliente' visible=True
[2026-02-17 23:36:38.690] [INFO   ]     - id='ctl00_ContentPlaceHolderCortizoCenter_TxtCodPedCliente' name='ctl00$ContentPlaceHolderCortizoCenter$TxtCodPedCliente' visible=True
[2026-02-17 23:36:38.744] [INFO   ]     - id='ctl00_ContentPlaceHolderCortizoCenter_TxtUsuario' name='ctl00$ContentPlaceHolderCortizoCenter$TxtUsuario' visible=False
[2026-02-17 23:36:38.796] [INFO   ]     - id='ctl00_ContentPlaceHolderCortizoCenter_ControlLogin_UsernameTB' name='ctl00$ContentPlaceHolderCortizoCenter$ControlLogin$UsernameTB' visible=False
[2026-02-17 23:36:38.847] [INFO   ]     - id='txtReferencia_0001' name='' visible=True
[2026-02-17 23:36:38.893] [INFO   ]     - id='txtCantidad_0001' name='' visible=True
[2026-02-17 23:36:38.951] [INFO   ]     - id='txtDescripcion_0001' name='' visible=True
[2026-02-17 23:36:39.004] [INFO   ]     - id='txtPrecio_0001' name='' visible=True
[2026-02-17 23:36:39.059] [INFO   ]     - id='txtLongitud_0001' name='' visible=True
[2026-02-17 23:36:39.106] [INFO   ]     - id='txtImporte_0001' name='' visible=True
[2026-02-17 23:36:39.134] [INFO   ]   Found 24 button/link elements:
[2026-02-17 23:36:39.216] [INFO   ]     - id='' text='DECLINE' visible=True
[2026-02-17 23:36:39.294] [INFO   ]     - id='' text='ACCEPT' visible=True
[2026-02-17 23:36:39.379] [INFO   ]     - id='ctl00_ico1' text='' visible=True
[2026-02-17 23:36:39.451] [INFO   ]     - id='ctl00_ico2' text='' visible=True
[2026-02-17 23:36:39.513] [INFO   ]     - id='ctl00_ico3' text='' visible=True
[2026-02-17 23:36:39.585] [INFO   ]     - id='ctl00_ico4' text='' visible=True
[2026-02-17 23:36:39.661] [INFO   ]     - id='ctl00_ico5' text='' visible=True
[2026-02-17 23:36:39.729] [INFO   ]     - id='ctl00_ico6' text='' visible=True
[2026-02-17 23:36:39.795] [INFO   ]     - id='ctl00_ico7' text='' visible=True
[2026-02-17 23:36:39.860] [INFO   ]     - id='ctl00_ico8' text='' visible=True
[2026-02-17 23:36:39.930] [INFO   ]     - id='ctl00_ico9' text='' visible=True
[2026-02-17 23:36:40.004] [INFO   ]     - id='ctl00_ico10' text='' visible=True
[2026-02-17 23:36:40.082] [INFO   ]     - id='ctl00_ico11' text='' visible=False
[2026-02-17 23:36:40.150] [INFO   ]     - id='' text='ES|' visible=True
[2026-02-17 23:36:40.229] [INFO   ]     - id='' text='EN|' visible=True
[2026-02-17 23:36:40.308] [INFO   ]     - id='' text='PT|' visible=True
[2026-02-17 23:36:40.373] [INFO   ]     - id='' text='PL|' visible=True
[2026-02-17 23:36:40.449] [INFO   ]     - id='' text='SK|' visible=True
[2026-02-17 23:36:40.529] [INFO   ]     - id='' text='CZ|' visible=True
[2026-02-17 23:36:40.616] [INFO   ]     - id='' text='FR|' visible=True
[2026-02-17 23:36:40.617] [INFO   ] Creating new valuation...
[2026-02-17 23:36:41.906] [INFO   ] [PAGE STATE - After creating new valuation]
[2026-02-17 23:36:41.906] [INFO   ]   URL: https://ccenter.cortizo.mobi/Valoraciones.aspx?Id=CgAAAB-LCAAAAAAABAAzZDBksARiAwYAwS14mQoAAAA=&Lg=BAAAAB-LCAAAAAAABABzZfBjAACYFXTjBAAAAA==
[2026-02-17 23:36:41.906] [INFO   ]   Title: CORTIZO CENTER
[2026-02-17 23:36:41.945] [INFO   ]   Login Form: Found (Hidden)
[2026-02-17 23:36:41.985] [INFO   ]   Quotations Link: Found (Visible)
[2026-02-17 23:36:42.021] [INFO   ]   Profiles Grid: Found (Visible)
[2026-02-17 23:36:42.058] [INFO   ]   General Color Finish 1: Found (Visible)
[2026-02-17 23:36:42.091] [INFO   ]   First Reference Input: Found (Visible)
[2026-02-17 23:36:42.091] [INFO   ] Setting header fields...
[2026-02-17 23:36:42.091] [INFO   ] [HEADER] Setting header fields...
[2026-02-17 23:36:42.091] [INFO   ] [HEADER] Setting Microns to: 15
[2026-02-17 23:36:42.091] [INFO   ] [SELECT] Trying selector: #ctl00_ContentPlaceHolderCortizoCenter_LstMicraje, select[name*='Micraje'] with value: 15
[2026-02-17 23:36:42.130] [INFO   ] [SELECT] Found element, visible: True
[2026-02-17 23:36:42.286] [INFO   ] [SELECT] Options (3 total): 15='15', 20='20', 25='25'
[2026-02-17 23:36:42.445] [INFO   ] [SELECT] Successfully set by value: 15
[2026-02-17 23:36:42.445] [INFO   ] [HEADER] Setting Language to: ENGLISH
[2026-02-17 23:36:42.445] [INFO   ] [SELECT] Trying selector: #ctl00_ContentPlaceHolderCortizoCenter_ddlIdioma, select[name*='Idioma'] with value: ENGLISH
[2026-02-17 23:36:42.491] [INFO   ] [SELECT] Found element, visible: True
[2026-02-17 23:36:42.910] [INFO   ] [SELECT] Options (12 total): es='ESPAÑOL', en='ENGLISH', pl='POLSKI', cz='ČESKÉ', sk='SLOVENSKO', fr='FRANÇAIS', ro='ROMANA', hu='HUNGARIAN', hu='HRVATSKA', pt='PORTUGUÉS'
[2026-02-17 23:37:13.053] [INFO   ] [SELECT] Set by value failed: Timeout 30000ms exceeded.
Call log:
  -   - attempting select option action
  -     2 × waiting for element to be visible and enabled
  -       - did not find some options
  -     - retrying select option action
  -     - waiting 20ms
  -     2 × waiting for element to be visible and enabled
  -       - did not find some options
  -     - retrying select option action
  -       - waiting 100ms
  -     56 × waiting for element to be visible and enabled
  -        - did not find some options
  -      - retrying select option action
  -        - waiting 500ms, trying by label...
[2026-02-17 23:37:13.190] [INFO   ] [SELECT] Successfully set by label: ENGLISH
[2026-02-17 23:37:13.190] [INFO   ] [HEADER] Setting Finish 1: 90 -> value=90
[2026-02-17 23:37:13.190] [INFO   ] [SELECT] Trying selector: #ddlAcabado_1_ColorGeneral with value: 90
[2026-02-17 23:37:13.219] [INFO   ] [SELECT] Found element, visible: True
[2026-02-17 23:37:13.605] [INFO   ] [SELECT] Options (37 total): ='', 0='PVC', 1='SILVER ANODISED (1)', 10='BLACK ANODISED (10)', 16='ACIER ANODISED (16)', 17='INOX ANODISED (17)', 2='GOLD ANODISED (2)', 21='CHAMPAGNE ANODISED (21)', 22='IVORY ANODISED (22)', 3='BRONZE ANODISED (3)'
[2026-02-17 23:37:13.783] [INFO   ] [SELECT] Successfully set by value: 90
[2026-02-17 23:37:14.295] [INFO   ] [HEADER] Setting Shade 1: P1019M
[2026-02-17 23:37:14.295] [INFO   ] [SELECT] Trying selector: #ddlMatiz_1_ColorGeneral with value: P1019M
[2026-02-17 23:37:14.327] [INFO   ] [SELECT] Found element, visible: True
[2026-02-17 23:37:14.880] [INFO   ] [SELECT] Options (133 total): ='', 1013CM='1013CM', 5011ST='5011ST', 5014CM='5014CM', 7005CM='7005CM', 7011CM='7011CM', 7012CM='7012CM', 7015CM='7015CM', 7015ST='7015ST', 7021CM='7021CM'
[2026-02-17 23:37:15.036] [INFO   ] [SELECT] Successfully set by value: P1019M
[2026-02-17 23:37:15.036] [INFO   ] [HEADER] Setting Finish 2: 90 -> value=90
[2026-02-17 23:37:15.036] [INFO   ] [SELECT] Trying selector: #ddlAcabado_2_ColorGeneral with value: 90
[2026-02-17 23:37:15.077] [INFO   ] [SELECT] Found element, visible: True
[2026-02-17 23:37:15.508] [INFO   ] [SELECT] Options (37 total): ='', 0='PVC', 1='SILVER ANODISED (1)', 10='BLACK ANODISED (10)', 16='ACIER ANODISED (16)', 17='INOX ANODISED (17)', 2='GOLD ANODISED (2)', 21='CHAMPAGNE ANODISED (21)', 22='IVORY ANODISED (22)', 3='BRONZE ANODISED (3)'
[2026-02-17 23:37:15.688] [INFO   ] [SELECT] Successfully set by value: 90
[2026-02-17 23:37:16.193] [INFO   ] [HEADER] Setting Shade 2: P1019M
[2026-02-17 23:37:16.193] [INFO   ] [SELECT] Trying selector: #ddlMatiz_2_ColorGeneral with value: P1019M
[2026-02-17 23:37:16.225] [INFO   ] [SELECT] Found element, visible: True
[2026-02-17 23:37:16.708] [INFO   ] [SELECT] Options (133 total): ='', 1013CM='1013CM', 5011ST='5011ST', 5014CM='5014CM', 7005CM='7005CM', 7011CM='7011CM', 7012CM='7012CM', 7015CM='7015CM', 7015ST='7015ST', 7021CM='7021CM'
[2026-02-17 23:37:16.855] [INFO   ] [SELECT] Successfully set by value: P1019M
[2026-02-17 23:37:16.855] [INFO   ] [HEADER] Header fields set complete
[2026-02-17 23:37:16.860] [INFO   ] [PAGE STATE - After setting header fields]
[2026-02-17 23:37:16.860] [INFO   ]   URL: https://ccenter.cortizo.mobi/Valoraciones.aspx?Id=CgAAAB-LCAAAAAAABAAzZDBksARiAwYAwS14mQoAAAA=&Lg=BAAAAB-LCAAAAAAABABzZfBjAACYFXTjBAAAAA==
[2026-02-17 23:37:16.860] [INFO   ]   Title: CORTIZO CENTER
[2026-02-17 23:37:16.904] [INFO   ]   Login Form: Found (Hidden)
[2026-02-17 23:37:16.945] [INFO   ]   Quotations Link: Found (Visible)
[2026-02-17 23:37:16.988] [INFO   ]   Profiles Grid: Found (Visible)
[2026-02-17 23:37:17.025] [INFO   ]   General Color Finish 1: Found (Visible)
[2026-02-17 23:37:17.075] [INFO   ]   First Reference Input: Found (Visible)
[2026-02-17 23:37:17.076] [INFO   ] Setting customized prices...
[2026-02-17 23:37:17.076] [INFO   ] [PRICES] Setting customized prices...
[2026-02-17 23:37:17.076] [INFO   ] [PRICES] Setting WITH BREAK: 7.56
[2026-02-17 23:37:17.286] [INFO   ] [PRICES] Setting WITHOUT BREAK: 5.16
[2026-02-17 23:37:17.481] [INFO   ] [PRICES] Setting PVC: 15
[2026-02-17 23:37:17.675] [INFO   ] [PRICES] Setting ALUMINIUM: 10
[2026-02-17 23:37:17.874] [INFO   ] [PRICES] Setting ACCESSORIES DISCOUNT: 10
[2026-02-17 23:37:18.107] [INFO   ] [PRICES] Customized prices set complete
[2026-02-17 23:37:18.113] [INFO   ] [PAGE STATE - After setting customized prices]
[2026-02-17 23:37:18.113] [INFO   ]   URL: https://ccenter.cortizo.mobi/Valoraciones.aspx?Id=CgAAAB-LCAAAAAAABAAzZDBksARiAwYAwS14mQoAAAA=&Lg=BAAAAB-LCAAAAAAABABzZfBjAACYFXTjBAAAAA==
[2026-02-17 23:37:18.113] [INFO   ]   Title: CORTIZO CENTER
[2026-02-17 23:37:18.173] [INFO   ]   Login Form: Found (Hidden)
[2026-02-17 23:37:18.239] [INFO   ]   Quotations Link: Found (Visible)
[2026-02-17 23:37:18.289] [INFO   ]   Profiles Grid: Found (Visible)
[2026-02-17 23:37:18.340] [INFO   ]   General Color Finish 1: Found (Visible)
[2026-02-17 23:37:18.391] [INFO   ]   First Reference Input: Found (Visible)
[2026-02-17 23:37:18.392] [INFO   ] Ensuring 26 rows are available in the grid...
[2026-02-17 23:37:20.698] [INFO   ] Filling 26 profile items (fast batch mode)...
[2026-02-17 23:37:20.698] [INFO   ] [FILL] Starting fill for 26 profiles...
[2026-02-17 23:37:20.778] [INFO   ] [FILL] Header values - Finish1: 90, Shade1: , Finish2: 90, Shade2: 
[2026-02-17 23:37:20.778] [INFO   ] [ROW 0001] Processing: REF=2015, AMT=34
[2026-02-17 23:37:22.801] [WARNING] [ROW 0001] Amount not calculated, retrying with longer wait...
[2026-02-17 23:37:23.736] [SUCCESS] [ROW 0001] Amount calculated on retry: 559,13 €
[2026-02-17 23:37:23.736] [INFO   ] [ROW 0002] Processing: REF=2019, AMT=278
[2026-02-17 23:37:26.025] [WARNING] [ROW 0002] Amount not calculated, retrying with longer wait...
[2026-02-17 23:37:27.025] [SUCCESS] [ROW 0002] Amount calculated on retry: 3740,49 €
[2026-02-17 23:37:27.026] [INFO   ] [ROW 0003] Processing: REF=2030, AMT=8
[2026-02-17 23:37:29.173] [WARNING] [ROW 0003] Amount not calculated, retrying with longer wait...
[2026-02-17 23:37:31.120] [ERROR  ] [ROW 0003] Amount still not calculated after retries
[2026-02-17 23:37:31.121] [INFO   ] [ROW 0004] Processing: REF=3847, AMT=24
[2026-02-17 23:37:33.346] [WARNING] [ROW 0004] Amount not calculated, retrying with longer wait...
[2026-02-17 23:37:35.341] [ERROR  ] [ROW 0004] Amount still not calculated after retries
[2026-02-17 23:37:35.341] [INFO   ] [ROW 0005] Processing: REF=4503, AMT=24
[2026-02-17 23:37:37.603] [WARNING] [ROW 0005] Amount not calculated, retrying with longer wait...
[2026-02-17 23:37:39.656] [SUCCESS] [ROW 0005] Amount calculated on second retry: 693,58 €
[2026-02-17 23:37:39.657] [INFO   ] [ROW 0006] Processing: REF=4601, AMT=35
[2026-02-17 23:37:42.185] [WARNING] [ROW 0006] Amount not calculated, retrying with longer wait...
[2026-02-17 23:37:44.371] [ERROR  ] [ROW 0006] Amount still not calculated after retries
[2026-02-17 23:37:44.372] [INFO   ] [ROW 0007] Processing: REF=4602, AMT=30
[2026-02-17 23:37:47.256] [WARNING] [ROW 0007] Amount not calculated, retrying with longer wait...
[2026-02-17 23:37:49.399] [ERROR  ] [ROW 0007] Amount still not calculated after retries
[2026-02-17 23:37:49.400] [INFO   ] [ROW 0008] Processing: REF=4605, AMT=13
[2026-02-17 23:37:51.921] [WARNING] [ROW 0008] Amount not calculated, retrying with longer wait...
[2026-02-17 23:37:53.992] [ERROR  ] [ROW 0008] Amount still not calculated after retries
[2026-02-17 23:37:53.993] [INFO   ] [ROW 0009] Processing: REF=4606, AMT=13
[2026-02-17 23:37:56.542] [WARNING] [ROW 0009] Amount not calculated, retrying with longer wait...
[2026-02-17 23:37:58.629] [SUCCESS] [ROW 0009] Amount calculated on second retry: 460,53 €
[2026-02-17 23:37:58.629] [INFO   ] [ROW 0010] Processing: REF=4607, AMT=25
[2026-02-17 23:38:01.603] [WARNING] [ROW 0010] Amount not calculated, retrying with longer wait...
[2026-02-17 23:38:04.139] [ERROR  ] [ROW 0010] Amount still not calculated after retries
[2026-02-17 23:38:04.140] [INFO   ] [ROW 0011] Processing: REF=4610, AMT=35
[2026-02-17 23:38:06.992] [WARNING] [ROW 0011] Amount not calculated, retrying with longer wait...
[2026-02-17 23:38:09.261] [ERROR  ] [ROW 0011] Amount still not calculated after retries
[2026-02-17 23:38:09.262] [INFO   ] [ROW 0012] Processing: REF=4615, AMT=3
[2026-02-17 23:38:12.169] [WARNING] [ROW 0012] Amount not calculated, retrying with longer wait...
[2026-02-17 23:38:14.473] [ERROR  ] [ROW 0012] Amount still not calculated after retries
[2026-02-17 23:38:14.474] [INFO   ] [ROW 0013] Processing: REF=4662, AMT=10
[2026-02-17 23:38:17.533] [WARNING] [ROW 0013] Amount not calculated, retrying with longer wait...
[2026-02-17 23:38:19.994] [ERROR  ] [ROW 0013] Amount still not calculated after retries
[2026-02-17 23:38:19.994] [INFO   ] [ROW 0014] Processing: REF=4665, AMT=10
[2026-02-17 23:38:23.395] [WARNING] [ROW 0014] Amount not calculated, retrying with longer wait...
[2026-02-17 23:38:25.778] [ERROR  ] [ROW 0014] Amount still not calculated after retries
[2026-02-17 23:38:25.779] [INFO   ] [ROW 0015] Processing: REF=4681, AMT=13
[2026-02-17 23:38:28.872] [WARNING] [ROW 0015] Amount not calculated, retrying with longer wait...
[2026-02-17 23:38:32.036] [ERROR  ] [ROW 0015] Amount still not calculated after retries
[2026-02-17 23:38:32.037] [INFO   ] [ROW 0016] Processing: REF=7251, AMT=17
[2026-02-17 23:38:35.983] [WARNING] [ROW 0016] Amount not calculated, retrying with longer wait...
[2026-02-17 23:38:39.130] [SUCCESS] [ROW 0016] Amount calculated on second retry: 59,67 €
[2026-02-17 23:38:39.131] [INFO   ] [ROW 0017] Processing: REF=7920, AMT=103
[2026-02-17 23:38:43.454] [WARNING] [ROW 0017] Amount not calculated, retrying with longer wait...
[2026-02-17 23:38:45.118] [SUCCESS] [ROW 0017] Amount calculated on retry: 9794,79 €
[2026-02-17 23:38:45.118] [INFO   ] [ROW 0018] Processing: REF=7926, AMT=16
[2026-02-17 23:38:49.581] [WARNING] [ROW 0018] Amount not calculated, retrying with longer wait...
[2026-02-17 23:38:51.016] [SUCCESS] [ROW 0018] Amount calculated on retry: 2247,44 €
[2026-02-17 23:38:51.016] [INFO   ] [ROW 0019] Processing: REF=7935, AMT=181
[2026-02-17 23:38:55.212] [SUCCESS] [ROW 0019] Amount calculated: 18106,34 €
[2026-02-17 23:38:55.212] [INFO   ] [ROW 0020] Processing: REF=7985, AMT=17
[2026-02-17 23:38:59.231] [SUCCESS] [ROW 0020] Amount calculated: 2112,76 €
[2026-02-17 23:38:59.234] [INFO   ] [ROW 0021] Processing: REF=7990, AMT=3
[2026-02-17 23:39:03.921] [WARNING] [ROW 0021] Amount not calculated, retrying with longer wait...
[2026-02-17 23:39:05.229] [SUCCESS] [ROW 0021] Amount calculated on retry: 185,25 €
[2026-02-17 23:39:05.229] [INFO   ] [ROW 0022] Processing: REF=7992, AMT=3
[2026-02-17 23:39:09.005] [SUCCESS] [ROW 0022] Amount calculated: 35,88 €
[2026-02-17 23:39:09.006] [INFO   ] [ROW 0023] Processing: REF=8090, AMT=3
[2026-02-17 23:39:13.404] [WARNING] [ROW 0023] Amount not calculated, retrying with longer wait...
[2026-02-17 23:39:14.868] [SUCCESS] [ROW 0023] Amount calculated on retry: 29,45 €
[2026-02-17 23:39:14.868] [INFO   ] [ROW 0024] Processing: REF=8141, AMT=13
[2026-02-17 23:39:19.327] [WARNING] [ROW 0024] Amount not calculated, retrying with longer wait...
[2026-02-17 23:39:22.538] [ERROR  ] [ROW 0024] Amount still not calculated after retries
[2026-02-17 23:39:22.538] [INFO   ] [ROW 0025] Processing: REF=8143, AMT=48
[2026-02-17 23:39:26.980] [WARNING] [ROW 0025] Amount not calculated, retrying with longer wait...
[2026-02-17 23:39:29.797] [ERROR  ] [ROW 0025] Amount still not calculated after retries
[2026-02-17 23:39:29.798] [INFO   ] [ROW 0026] Processing: REF=8145, AMT=1
[2026-02-17 23:39:34.571] [WARNING] [ROW 0026] Amount not calculated, retrying with longer wait...
[2026-02-17 23:39:37.525] [ERROR  ] [ROW 0026] Amount still not calculated after retries
[2026-02-17 23:39:37.525] [INFO   ] [FILL] Final verification pass...
[2026-02-17 23:39:45.749] [WARNING] [FILL] Rows still missing amounts: 0025
[2026-02-17 23:39:45.749] [INFO   ] [FILL] All rows processed!
[2026-02-17 23:39:45.750] [SUCCESS] All 26 rows filled successfully
[2026-02-17 23:39:46.982] [SUCCESS] Automation completed. 26/26 items processed successfully.
[2026-02-17 23:39:50.419] [INFO   ] Disposing automation service...
[2026-02-17 23:39:51.195] [INFO   ] Automation service disposed.
[2026-02-17 23:39:51.196] [INFO   ] Disposing automation service...
[2026-02-17 23:39:51.197] [INFO   ] Automation service disposed.
