[2026-02-17 22:39:28.899] [INFO   ] Initializing browser automation...
[2026-02-17 22:39:33.891] [INFO   ] Navigating to Cortizo Center login page...
[2026-02-17 22:39:33.891] [INFO   ] Target URL: https://cortizocenter.com/Login.aspx
[2026-02-17 22:39:37.016] [INFO   ] [PAGE STATE - After loading login page]
[2026-02-17 22:39:37.016] [INFO   ]   URL: https://cortizocenter.com/Login.aspx
[2026-02-17 22:39:37.016] [INFO   ]   Title: CORTIZO CENTER
[2026-02-17 22:39:37.153] [INFO   ]   Login Form: Found (Visible)
[2026-02-17 22:39:37.166] [INFO   ]   Quotations Link: Not Found
[2026-02-17 22:39:37.175] [INFO   ]   Profiles Grid: Not Found
[2026-02-17 22:39:37.183] [INFO   ]   General Color Finish 1: Not Found
[2026-02-17 22:39:37.191] [INFO   ]   First Reference Input: Not Found
[2026-02-17 22:39:37.193] [INFO   ] Logging in...
[2026-02-17 22:39:37.200] [INFO   ] [LOGIN] Starting login process...
[2026-02-17 22:39:37.200] [INFO   ] [LOGIN] Waiting for login form...
[2026-02-17 22:39:37.300] [INFO   ] [LOGIN] Filling username: salesadria
[2026-02-17 22:39:37.535] [INFO   ] [LOGIN] Filling password: ********
[2026-02-17 22:39:37.825] [INFO   ] [LOGIN] Looking for login button...
[2026-02-17 22:39:38.043] [INFO   ] [LOGIN] Found button with selector: text=ACCEDER
[2026-02-17 22:39:39.377] [INFO   ] [LOGIN] Clicked login button
[2026-02-17 22:39:41.394] [INFO   ] [LOGIN] Current URL after login attempt: https://cortizocenter.com/Inicio.aspx
[2026-02-17 22:39:41.428] [SUCCESS] Login successful!
[2026-02-17 22:39:41.449] [INFO   ] [PAGE STATE - After login]
[2026-02-17 22:39:41.449] [INFO   ]   URL: https://cortizocenter.com/Inicio.aspx
[2026-02-17 22:39:41.449] [INFO   ]   Title: CORTIZO CENTER
[2026-02-17 22:39:41.490] [INFO   ]   Login Form: Not Found
[2026-02-17 22:39:41.560] [INFO   ]   Quotations Link: Found (Visible)
[2026-02-17 22:39:41.570] [INFO   ]   Profiles Grid: Not Found
[2026-02-17 22:39:41.580] [INFO   ]   General Color Finish 1: Not Found
[2026-02-17 22:39:41.587] [INFO   ]   First Reference Input: Not Found
[2026-02-17 22:39:41.588] [INFO   ] Navigating to Quotations / Online Orders...
[2026-02-17 22:39:41.598] [INFO   ] [NAVIGATE] Starting navigation to Quotations...
[2026-02-17 22:39:41.598] [INFO   ] [NAVIGATE] Current URL: https://cortizocenter.com/Inicio.aspx
[2026-02-17 22:39:41.598] [INFO   ] [NAVIGATE] Trying selector: #ctl00_ico7
[2026-02-17 22:39:41.647] [INFO   ] [NAVIGATE] Found element! Visible: True
[2026-02-17 22:40:02.983] [INFO   ] [NAVIGATE] Clicked element, waiting for navigation...
[2026-02-17 22:40:08.771] [INFO   ] [NAVIGATE] Navigation complete. New URL: https://ccenter.cortizo.mobi/Valoraciones.aspx?Id=CgAAAB-LCAAAAAAABAAzZDBksARiAwYAwS14mQoAAAA=&Lg=BAAAAB-LCAAAAAAABABzZfBjAACYFXTjBAAAAA==
[2026-02-17 22:40:08.777] [INFO   ] [PAGE STATE - After navigating to quotations]
[2026-02-17 22:40:08.777] [INFO   ]   URL: https://ccenter.cortizo.mobi/Valoraciones.aspx?Id=CgAAAB-LCAAAAAAABAAzZDBksARiAwYAwS14mQoAAAA=&Lg=BAAAAB-LCAAAAAAABABzZfBjAACYFXTjBAAAAA==
[2026-02-17 22:40:08.777] [INFO   ]   Title: CORTIZO CENTER
[2026-02-17 22:40:08.847] [INFO   ]   Login Form: Found (Hidden)
[2026-02-17 22:40:08.903] [INFO   ]   Quotations Link: Found (Visible)
[2026-02-17 22:40:08.952] [INFO   ]   Profiles Grid: Found (Visible)
[2026-02-17 22:40:09.003] [INFO   ]   General Color Finish 1: Found (Visible)
[2026-02-17 22:40:09.044] [INFO   ]   First Reference Input: Found (Visible)
[2026-02-17 22:40:09.050] [INFO   ] [AVAILABLE SELECTORS in body]
[2026-02-17 22:40:09.191] [INFO   ]   Found 124 select elements:
[2026-02-17 22:40:09.270] [INFO   ]     - id='ctl00_ContentPlaceHolderCortizoCenter_Lst_Valoraciones' name='ctl00$ContentPlaceHolderCortizoCenter$Lst_Valoraciones' visible=True
[2026-02-17 22:40:09.315] [INFO   ]     - id='ctl00_ContentPlaceHolderCortizoCenter_LstMicraje' name='ctl00$ContentPlaceHolderCortizoCenter$LstMicraje' visible=True
[2026-02-17 22:40:09.368] [INFO   ]     - id='ctl00_ContentPlaceHolderCortizoCenter_ddlIdioma' name='ctl00$ContentPlaceHolderCortizoCenter$ddlIdioma' visible=True
[2026-02-17 22:40:09.426] [INFO   ]     - id='ctl00_ContentPlaceHolderCortizoCenter_CbLugEnvioPerfil' name='ctl00$ContentPlaceHolderCortizoCenter$CbLugEnvioPerfil' visible=True
[2026-02-17 22:40:09.474] [INFO   ]     - id='ctl00_ContentPlaceHolderCortizoCenter_CbLugEnvioAcc' name='ctl00$ContentPlaceHolderCortizoCenter$CbLugEnvioAcc' visible=True
[2026-02-17 22:40:09.524] [INFO   ]     - id='ctl00_ContentPlaceHolderCortizoCenter_CbLugEnvioPvc' name='ctl00$ContentPlaceHolderCortizoCenter$CbLugEnvioPvc' visible=True
[2026-02-17 22:40:09.574] [INFO   ]     - id='ddlAcabado_1_ColorGeneral' name='' visible=True
[2026-02-17 22:40:09.624] [INFO   ]     - id='ddlMatiz_1_ColorGeneral' name='' visible=True
[2026-02-17 22:40:09.680] [INFO   ]     - id='ddlAcabado_2_ColorGeneral' name='' visible=True
[2026-02-17 22:40:09.728] [INFO   ]     - id='ddlMatiz_2_ColorGeneral' name='' visible=True
[2026-02-17 22:40:09.779] [INFO   ]     - id='ddlAcabado1_0001' name='' visible=True
[2026-02-17 22:40:09.828] [INFO   ]     - id='ddlMatiz1_0001' name='' visible=True
[2026-02-17 22:40:09.884] [INFO   ]     - id='ddlAcabado2_0001' name='' visible=True
[2026-02-17 22:40:09.933] [INFO   ]     - id='ddlMatiz2_0001' name='' visible=True
[2026-02-17 22:40:09.989] [INFO   ]     - id='ddlBase_0001' name='' visible=True
[2026-02-17 22:40:10.036] [INFO   ]     - id='ddlAcabado1_0002' name='' visible=True
[2026-02-17 22:40:10.084] [INFO   ]     - id='ddlMatiz1_0002' name='' visible=True
[2026-02-17 22:40:10.132] [INFO   ]     - id='ddlAcabado2_0002' name='' visible=True
[2026-02-17 22:40:10.185] [INFO   ]     - id='ddlMatiz2_0002' name='' visible=True
[2026-02-17 22:40:10.232] [INFO   ]     - id='ddlBase_0002' name='' visible=True
[2026-02-17 22:40:10.409] [INFO   ]   Found 190 text input elements:
[2026-02-17 22:40:10.482] [INFO   ]     - id='ctl00_ContentPlaceHolderCortizoCenter_txtPrecioConRotura' name='ctl00$ContentPlaceHolderCortizoCenter$txtPrecioConRotura' visible=True
[2026-02-17 22:40:10.535] [INFO   ]     - id='ctl00_ContentPlaceHolderCortizoCenter_txtPrecioSinRotura' name='ctl00$ContentPlaceHolderCortizoCenter$txtPrecioSinRotura' visible=True
[2026-02-17 22:40:10.598] [INFO   ]     - id='ctl00_ContentPlaceHolderCortizoCenter_txtPrecioLacado' name='ctl00$ContentPlaceHolderCortizoCenter$txtPrecioLacado' visible=True
[2026-02-17 22:40:10.648] [INFO   ]     - id='ctl00_ContentPlaceHolderCortizoCenter_txtPrecioAnodizado' name='ctl00$ContentPlaceHolderCortizoCenter$txtPrecioAnodizado' visible=True
[2026-02-17 22:40:10.695] [INFO   ]     - id='ctl00_ContentPlaceHolderCortizoCenter_txtPVCDescuentoPVC' name='ctl00$ContentPlaceHolderCortizoCenter$txtPVCDescuentoPVC' visible=True
[2026-02-17 22:40:10.748] [INFO   ]     - id='ctl00_ContentPlaceHolderCortizoCenter_txtPVCDescuentoAluminio' name='ctl00$ContentPlaceHolderCortizoCenter$txtPVCDescuentoAluminio' visible=True
[2026-02-17 22:40:10.803] [INFO   ]     - id='ctl00_ContentPlaceHolderCortizoCenter_txtPVCDescuentoAcero' name='ctl00$ContentPlaceHolderCortizoCenter$txtPVCDescuentoAcero' visible=True
[2026-02-17 22:40:10.867] [INFO   ]     - id='ctl00_ContentPlaceHolderCortizoCenter_txtDescuentoAccesorios' name='ctl00$ContentPlaceHolderCortizoCenter$txtDescuentoAccesorios' visible=True
[2026-02-17 22:40:10.933] [INFO   ]     - id='ctl00_ContentPlaceHolderCortizoCenter_NumValoracion' name='ctl00$ContentPlaceHolderCortizoCenter$NumValoracion' visible=False
[2026-02-17 22:40:10.995] [INFO   ]     - id='ctl00_ContentPlaceHolderCortizoCenter_txtCIF' name='ctl00$ContentPlaceHolderCortizoCenter$txtCIF' visible=True
[2026-02-17 22:40:11.064] [INFO   ]     - id='ctl00_ContentPlaceHolderCortizoCenter_txtCodigoCliente' name='ctl00$ContentPlaceHolderCortizoCenter$txtCodigoCliente' visible=True
[2026-02-17 22:40:11.125] [INFO   ]     - id='ctl00_ContentPlaceHolderCortizoCenter_TxtCodPedCliente' name='ctl00$ContentPlaceHolderCortizoCenter$TxtCodPedCliente' visible=True
[2026-02-17 22:40:11.201] [INFO   ]     - id='ctl00_ContentPlaceHolderCortizoCenter_TxtUsuario' name='ctl00$ContentPlaceHolderCortizoCenter$TxtUsuario' visible=False
[2026-02-17 22:40:11.266] [INFO   ]     - id='ctl00_ContentPlaceHolderCortizoCenter_ControlLogin_UsernameTB' name='ctl00$ContentPlaceHolderCortizoCenter$ControlLogin$UsernameTB' visible=False
[2026-02-17 22:40:11.334] [INFO   ]     - id='txtReferencia_0001' name='' visible=True
[2026-02-17 22:40:11.403] [INFO   ]     - id='txtCantidad_0001' name='' visible=True
[2026-02-17 22:40:11.469] [INFO   ]     - id='txtDescripcion_0001' name='' visible=True
[2026-02-17 22:40:11.526] [INFO   ]     - id='txtPrecio_0001' name='' visible=True
[2026-02-17 22:40:11.585] [INFO   ]     - id='txtLongitud_0001' name='' visible=True
[2026-02-17 22:40:11.646] [INFO   ]     - id='txtImporte_0001' name='' visible=True
[2026-02-17 22:40:11.696] [INFO   ]   Found 24 button/link elements:
[2026-02-17 22:40:11.835] [INFO   ]     - id='' text='DECLINE' visible=True
[2026-02-17 22:40:11.934] [INFO   ]     - id='' text='ACCEPT' visible=True
[2026-02-17 22:40:12.014] [INFO   ]     - id='ctl00_ico1' text='' visible=True
[2026-02-17 22:40:12.088] [INFO   ]     - id='ctl00_ico2' text='' visible=True
[2026-02-17 22:40:12.179] [INFO   ]     - id='ctl00_ico3' text='' visible=True
[2026-02-17 22:40:12.279] [INFO   ]     - id='ctl00_ico4' text='' visible=True
[2026-02-17 22:40:12.364] [INFO   ]     - id='ctl00_ico5' text='' visible=True
[2026-02-17 22:40:12.443] [INFO   ]     - id='ctl00_ico6' text='' visible=True
[2026-02-17 22:40:12.522] [INFO   ]     - id='ctl00_ico7' text='' visible=True
[2026-02-17 22:40:12.597] [INFO   ]     - id='ctl00_ico8' text='' visible=True
[2026-02-17 22:40:12.690] [INFO   ]     - id='ctl00_ico9' text='' visible=True
[2026-02-17 22:40:12.769] [INFO   ]     - id='ctl00_ico10' text='' visible=True
[2026-02-17 22:40:12.844] [INFO   ]     - id='ctl00_ico11' text='' visible=False
[2026-02-17 22:40:12.911] [INFO   ]     - id='' text='ES|' visible=True
[2026-02-17 22:40:12.982] [INFO   ]     - id='' text='EN|' visible=True
[2026-02-17 22:40:13.050] [INFO   ]     - id='' text='PT|' visible=True
[2026-02-17 22:40:13.114] [INFO   ]     - id='' text='PL|' visible=True
[2026-02-17 22:40:13.197] [INFO   ]     - id='' text='SK|' visible=True
[2026-02-17 22:40:13.291] [INFO   ]     - id='' text='CZ|' visible=True
[2026-02-17 22:40:13.400] [INFO   ]     - id='' text='FR|' visible=True
[2026-02-17 22:40:13.401] [INFO   ] Creating new valuation...
[2026-02-17 22:40:14.731] [INFO   ] [PAGE STATE - After creating new valuation]
[2026-02-17 22:40:14.731] [INFO   ]   URL: https://ccenter.cortizo.mobi/Valoraciones.aspx?Id=CgAAAB-LCAAAAAAABAAzZDBksARiAwYAwS14mQoAAAA=&Lg=BAAAAB-LCAAAAAAABABzZfBjAACYFXTjBAAAAA==
[2026-02-17 22:40:14.731] [INFO   ]   Title: CORTIZO CENTER
[2026-02-17 22:40:14.792] [INFO   ]   Login Form: Found (Hidden)
[2026-02-17 22:40:14.875] [INFO   ]   Quotations Link: Found (Visible)
[2026-02-17 22:40:14.946] [INFO   ]   Profiles Grid: Found (Visible)
[2026-02-17 22:40:15.024] [INFO   ]   General Color Finish 1: Found (Visible)
[2026-02-17 22:40:15.087] [INFO   ]   First Reference Input: Found (Visible)
[2026-02-17 22:40:15.088] [INFO   ] Setting header fields...
[2026-02-17 22:40:15.093] [INFO   ] [HEADER] Setting header fields...
[2026-02-17 22:40:15.093] [INFO   ] [HEADER] Setting Microns to: 15
[2026-02-17 22:40:15.099] [INFO   ] [SELECT] Trying selector: #ctl00_ContentPlaceHolderCortizoCenter_LstMicraje, select[name*='Micraje'] with value: 15
[2026-02-17 22:40:15.166] [INFO   ] [SELECT] Found element, visible: True
[2026-02-17 22:40:15.472] [INFO   ] [SELECT] Options (3 total): 15='15', 20='20', 25='25'
[2026-02-17 22:40:15.688] [INFO   ] [SELECT] Successfully set by value: 15
[2026-02-17 22:40:15.688] [INFO   ] [HEADER] Setting Language to: ENGLISH
[2026-02-17 22:40:15.689] [INFO   ] [SELECT] Trying selector: #ctl00_ContentPlaceHolderCortizoCenter_ddlIdioma, select[name*='Idioma'] with value: ENGLISH
[2026-02-17 22:40:15.781] [INFO   ] [SELECT] Found element, visible: True
[2026-02-17 22:40:16.722] [INFO   ] [SELECT] Options (12 total): es='ESPAÑOL', en='ENGLISH', pl='POLSKI', cz='ČESKÉ', sk='SLOVENSKO', fr='FRANÇAIS', ro='ROMANA', hu='HUNGARIAN', hu='HRVATSKA', pt='PORTUGUÉS'
[2026-02-17 22:40:46.895] [INFO   ] [SELECT] Set by value failed: Timeout 30000ms exceeded.
Call log:
  -   - attempting select option action
  -     2 × waiting for element to be visible and enabled
  -       - did not find some options
  -     - retrying select option action
  -     - waiting 20ms
  -     2 × waiting for element to be visible and enabled
  -       - did not find some options
  -     - retrying select option action
  -       - waiting 100ms
  -     56 × waiting for element to be visible and enabled
  -        - did not find some options
  -      - retrying select option action
  -        - waiting 500ms, trying by label...
[2026-02-17 22:40:47.058] [INFO   ] [SELECT] Successfully set by label: ENGLISH
[2026-02-17 22:40:47.058] [INFO   ] [HEADER] Setting Finish 1: 90 -> value=90
[2026-02-17 22:40:47.058] [INFO   ] [SELECT] Trying selector: #ddlAcabado_1_ColorGeneral with value: 90
[2026-02-17 22:40:47.098] [INFO   ] [SELECT] Found element, visible: True
[2026-02-17 22:40:47.602] [INFO   ] [SELECT] Options (37 total): ='', 0='PVC', 1='SILVER ANODISED (1)', 10='BLACK ANODISED (10)', 16='ACIER ANODISED (16)', 17='INOX ANODISED (17)', 2='GOLD ANODISED (2)', 21='CHAMPAGNE ANODISED (21)', 22='IVORY ANODISED (22)', 3='BRONZE ANODISED (3)'
[2026-02-17 22:40:47.792] [INFO   ] [SELECT] Successfully set by value: 90
[2026-02-17 22:40:48.298] [INFO   ] [HEADER] Setting Shade 1: P1019M
[2026-02-17 22:40:48.298] [INFO   ] [SELECT] Trying selector: #ddlMatiz_1_ColorGeneral with value: P1019M
[2026-02-17 22:40:48.347] [INFO   ] [SELECT] Found element, visible: True
[2026-02-17 22:40:48.966] [INFO   ] [SELECT] Options (133 total): ='', 1013CM='1013CM', 5011ST='5011ST', 5014CM='5014CM', 7005CM='7005CM', 7011CM='7011CM', 7012CM='7012CM', 7015CM='7015CM', 7015ST='7015ST', 7021CM='7021CM'
[2026-02-17 22:40:49.124] [INFO   ] [SELECT] Successfully set by value: P1019M
[2026-02-17 22:40:49.124] [INFO   ] [HEADER] Setting Finish 2: 90 -> value=90
[2026-02-17 22:40:49.124] [INFO   ] [SELECT] Trying selector: #ddlAcabado_2_ColorGeneral with value: 90
[2026-02-17 22:40:49.176] [INFO   ] [SELECT] Found element, visible: True
[2026-02-17 22:40:49.712] [INFO   ] [SELECT] Options (37 total): ='', 0='PVC', 1='SILVER ANODISED (1)', 10='BLACK ANODISED (10)', 16='ACIER ANODISED (16)', 17='INOX ANODISED (17)', 2='GOLD ANODISED (2)', 21='CHAMPAGNE ANODISED (21)', 22='IVORY ANODISED (22)', 3='BRONZE ANODISED (3)'
[2026-02-17 22:40:49.915] [INFO   ] [SELECT] Successfully set by value: 90
[2026-02-17 22:40:50.425] [INFO   ] [HEADER] Setting Shade 2: P1019M
[2026-02-17 22:40:50.425] [INFO   ] [SELECT] Trying selector: #ddlMatiz_2_ColorGeneral with value: P1019M
[2026-02-17 22:40:50.473] [INFO   ] [SELECT] Found element, visible: True
[2026-02-17 22:40:51.262] [INFO   ] [SELECT] Options (133 total): ='', 1013CM='1013CM', 5011ST='5011ST', 5014CM='5014CM', 7005CM='7005CM', 7011CM='7011CM', 7012CM='7012CM', 7015CM='7015CM', 7015ST='7015ST', 7021CM='7021CM'
[2026-02-17 22:40:51.434] [INFO   ] [SELECT] Successfully set by value: P1019M
[2026-02-17 22:40:51.434] [INFO   ] [HEADER] Header fields set complete
[2026-02-17 22:40:51.438] [INFO   ] [PAGE STATE - After setting header fields]
[2026-02-17 22:40:51.438] [INFO   ]   URL: https://ccenter.cortizo.mobi/Valoraciones.aspx?Id=CgAAAB-LCAAAAAAABAAzZDBksARiAwYAwS14mQoAAAA=&Lg=BAAAAB-LCAAAAAAABABzZfBjAACYFXTjBAAAAA==
[2026-02-17 22:40:51.438] [INFO   ]   Title: CORTIZO CENTER
[2026-02-17 22:40:51.488] [INFO   ]   Login Form: Found (Hidden)
[2026-02-17 22:40:51.583] [INFO   ]   Quotations Link: Found (Visible)
[2026-02-17 22:40:51.696] [INFO   ]   Profiles Grid: Found (Visible)
[2026-02-17 22:40:51.755] [INFO   ]   General Color Finish 1: Found (Visible)
[2026-02-17 22:40:51.799] [INFO   ]   First Reference Input: Found (Visible)
[2026-02-17 22:40:51.801] [INFO   ] Ensuring 26 rows are available in the grid...
[2026-02-17 22:40:54.830] [INFO   ] Filling 26 profile items...
[2026-02-17 22:40:54.830] [INFO   ] Filling row 1/26: REF 2015, Amount 34
[2026-02-17 22:40:54.835] [INFO   ] [ROW 0001] Starting to fill profile: REF=2015, AMT=34
[2026-02-17 22:40:55.142] [INFO   ] [ROW 0001] Looking for reference input: #txtReferencia_0001
[2026-02-17 22:40:55.154] [INFO   ] [ROW 0001] Found reference input, filling with: 2015
[2026-02-17 22:40:55.537] [INFO   ] [ROW 0001] Dispatched change event on reference input
[2026-02-17 22:40:55.537] [INFO   ] [ROW 0001] Waiting for profile validation...
[2026-02-17 22:40:56.551] [INFO   ] [ROW 0001] Setting amount to: 34
[2026-02-17 22:40:56.770] [INFO   ] [ROW 0001] Setting Finish 1: 90 -> 90
[2026-02-17 22:40:56.770] [INFO   ] [SELECT] Trying selector: #ddlAcabado1_0001 with value: 90
[2026-02-17 22:40:56.834] [INFO   ] [SELECT] Found element, visible: True
[2026-02-17 22:40:57.573] [INFO   ] [SELECT] Options (37 total): ='', 0='PVC', 1='SILVER ANODISED (1)', 10='BLACK ANODISED (10)', 16='ACIER ANODISED (16)', 17='INOX ANODISED (17)', 2='GOLD ANODISED (2)', 21='CHAMPAGNE ANODISED (21)', 22='IVORY ANODISED (22)', 3='BRONZE ANODISED (3)'
[2026-02-17 22:40:57.956] [INFO   ] [SELECT] Successfully set by value: 90
[2026-02-17 22:40:58.468] [INFO   ] [ROW 0001] Setting Shade 1: P1019M
[2026-02-17 22:40:58.468] [INFO   ] [SELECT] Trying selector: #ddlMatiz1_0001 with value: P1019M
[2026-02-17 22:40:58.568] [INFO   ] [SELECT] Found element, visible: True
[2026-02-17 22:40:59.697] [INFO   ] [SELECT] Options (133 total): ='', 1013CM='1013CM', 5011ST='5011ST', 5014CM='5014CM', 7005CM='7005CM', 7011CM='7011CM', 7012CM='7012CM', 7015CM='7015CM', 7015ST='7015ST', 7021CM='7021CM'
[2026-02-17 22:40:59.916] [INFO   ] [SELECT] Successfully set by value: P1019M
[2026-02-17 22:40:59.916] [INFO   ] [ROW 0001] Setting Finish 2: 90 -> 90
[2026-02-17 22:40:59.916] [INFO   ] [SELECT] Trying selector: #ddlAcabado2_0001 with value: 90
[2026-02-17 22:40:59.977] [INFO   ] [SELECT] Found element, visible: True
[2026-02-17 22:41:00.771] [INFO   ] [SELECT] Options (37 total): ='', 0='PVC', 1='SILVER ANODISED (1)', 10='BLACK ANODISED (10)', 16='ACIER ANODISED (16)', 17='INOX ANODISED (17)', 2='GOLD ANODISED (2)', 21='CHAMPAGNE ANODISED (21)', 22='IVORY ANODISED (22)', 3='BRONZE ANODISED (3)'
[2026-02-17 22:41:31.021] [INFO   ] [SELECT] Set by value failed: Timeout 30000ms exceeded.
Call log:
  -   - attempting select option action
  -     2 × waiting for element to be visible and enabled
  -       - element is not enabled
  -     - retrying select option action
  -     - waiting 20ms
  -     2 × waiting for element to be visible and enabled
  -       - element is not enabled
  -     - retrying select option action
  -       - waiting 100ms
  -     54 × waiting for element to be visible and enabled
  -        - element is not enabled
  -      - retrying select option action
  -        - waiting 500ms, trying by label...
[2026-02-17 22:42:01.260] [WARNING] [SELECT] Set by label also failed: Timeout 30000ms exceeded.
Call log:
  -   - attempting select option action
  -     2 × waiting for element to be visible and enabled
  -       - element is not enabled
  -     - retrying select option action
  -     - waiting 20ms
  -     2 × waiting for element to be visible and enabled
  -       - element is not enabled
  -     - retrying select option action
  -       - waiting 100ms
  -     51 × waiting for element to be visible and enabled
  -        - element is not enabled
  -      - retrying select option action
  -        - waiting 500ms
[2026-02-17 22:42:01.767] [INFO   ] [ROW 0001] Setting Shade 2: P1019M
[2026-02-17 22:42:01.767] [INFO   ] [SELECT] Trying selector: #ddlMatiz2_0001 with value: P1019M
[2026-02-17 22:42:01.954] [INFO   ] [SELECT] Found element, visible: True
[2026-02-17 22:42:03.976] [INFO   ] [SELECT] Options (133 total): ='', 1013CM='1013CM', 5011ST='5011ST', 5014CM='5014CM', 7005CM='7005CM', 7011CM='7011CM', 7012CM='7012CM', 7015CM='7015CM', 7015ST='7015ST', 7021CM='7021CM'
[2026-02-17 22:42:34.513] [INFO   ] [SELECT] Set by value failed: Timeout 30000ms exceeded.
Call log:
  -   - attempting select option action
  -     2 × waiting for element to be visible and enabled
  -       - element is not enabled
  -     - retrying select option action
  -     - waiting 20ms
  -     2 × waiting for element to be visible and enabled
  -       - element is not enabled
  -     - retrying select option action
  -       - waiting 100ms
  -     47 × waiting for element to be visible and enabled
  -        - element is not enabled
  -      - retrying select option action
  -        - waiting 500ms
  -     - waiting for element to be visible and enabled, trying by label...
[2026-02-17 22:43:04.858] [WARNING] [SELECT] Set by label also failed: Timeout 30000ms exceeded.
Call log:
  -   - attempting select option action
  -     2 × waiting for element to be visible and enabled
  -       - element is not enabled
  -     - retrying select option action
  -     - waiting 20ms
  -     2 × waiting for element to be visible and enabled
  -       - element is not enabled
  -     - retrying select option action
  -       - waiting 100ms
  -     47 × waiting for element to be visible and enabled
  -        - element is not enabled
  -      - retrying select option action
  -        - waiting 500ms
[2026-02-17 22:43:04.858] [INFO   ] [ROW 0001] Triggering line validation...
[2026-02-17 22:43:15.614] [INFO   ] [ROW 0001] Profile fill complete
[2026-02-17 22:43:15.616] [SUCCESS] Row 1 completed successfully
[2026-02-17 22:43:16.129] [INFO   ] Filling row 2/26: REF 2019, Amount 278
[2026-02-17 22:43:16.129] [INFO   ] [ROW 0002] Starting to fill profile: REF=2019, AMT=278
[2026-02-17 22:43:16.438] [INFO   ] [ROW 0002] Looking for reference input: #txtReferencia_0002
[2026-02-17 22:43:16.457] [INFO   ] [ROW 0002] Found reference input, filling with: 2019
[2026-02-17 22:43:17.092] [INFO   ] [ROW 0002] Dispatched change event on reference input
[2026-02-17 22:43:17.092] [INFO   ] [ROW 0002] Waiting for profile validation...
[2026-02-17 22:43:18.117] [INFO   ] [ROW 0002] Setting amount to: 278
[2026-02-17 22:43:18.493] [INFO   ] [ROW 0002] Setting Finish 1: 90 -> 90
[2026-02-17 22:43:18.493] [INFO   ] [SELECT] Trying selector: #ddlAcabado1_0002 with value: 90
[2026-02-17 22:43:18.652] [INFO   ] [SELECT] Found element, visible: True
[2026-02-17 22:43:20.341] [INFO   ] [SELECT] Options (37 total): ='', 0='PVC', 1='SILVER ANODISED (1)', 10='BLACK ANODISED (10)', 16='ACIER ANODISED (16)', 17='INOX ANODISED (17)', 2='GOLD ANODISED (2)', 21='CHAMPAGNE ANODISED (21)', 22='IVORY ANODISED (22)', 3='BRONZE ANODISED (3)'
[2026-02-17 22:43:20.677] [INFO   ] [SELECT] Successfully set by value: 90
[2026-02-17 22:43:21.182] [INFO   ] [ROW 0002] Setting Shade 1: P1019M
[2026-02-17 22:43:21.182] [INFO   ] [SELECT] Trying selector: #ddlMatiz1_0002 with value: P1019M
[2026-02-17 22:43:21.388] [INFO   ] [SELECT] Found element, visible: True
[2026-02-17 22:43:24.772] [INFO   ] [SELECT] Options (133 total): ='', 1013CM='1013CM', 5011ST='5011ST', 5014CM='5014CM', 7005CM='7005CM', 7011CM='7011CM', 7012CM='7012CM', 7015CM='7015CM', 7015ST='7015ST', 7021CM='7021CM'
[2026-02-17 22:43:25.180] [INFO   ] [SELECT] Successfully set by value: P1019M
[2026-02-17 22:43:25.181] [INFO   ] [ROW 0002] Setting Finish 2: 90 -> 90
[2026-02-17 22:43:25.181] [INFO   ] [SELECT] Trying selector: #ddlAcabado2_0002 with value: 90
[2026-02-17 22:43:25.417] [INFO   ] [SELECT] Found element, visible: True
[2026-02-17 22:43:29.127] [INFO   ] [SELECT] Options (37 total): ='', 0='PVC', 1='SILVER ANODISED (1)', 10='BLACK ANODISED (10)', 16='ACIER ANODISED (16)', 17='INOX ANODISED (17)', 2='GOLD ANODISED (2)', 21='CHAMPAGNE ANODISED (21)', 22='IVORY ANODISED (22)', 3='BRONZE ANODISED (3)'
[2026-02-17 22:43:59.426] [INFO   ] [SELECT] Set by value failed: Timeout 30000ms exceeded.
Call log:
  -   - attempting select option action
  -     2 × waiting for element to be visible and enabled
  -       - element is not enabled
  -     - retrying select option action
  -     - waiting 20ms
  -     2 × waiting for element to be visible and enabled
  -       - element is not enabled
  -     - retrying select option action
  -       - waiting 100ms
  -     46 × waiting for element to be visible and enabled
  -        - element is not enabled
  -      - retrying select option action
  -        - waiting 500ms, trying by label...
[2026-02-17 22:44:29.657] [WARNING] [SELECT] Set by label also failed: Timeout 30000ms exceeded.
Call log:
  -   - attempting select option action
  -     2 × waiting for element to be visible and enabled
  -       - element is not enabled
  -     - retrying select option action
  -     - waiting 20ms
  -     2 × waiting for element to be visible and enabled
  -       - element is not enabled
  -     - retrying select option action
  -       - waiting 100ms
  -     48 × waiting for element to be visible and enabled
  -        - element is not enabled
  -      - retrying select option action
  -        - waiting 500ms
[2026-02-17 22:44:30.170] [INFO   ] [ROW 0002] Setting Shade 2: P1019M
[2026-02-17 22:44:30.171] [INFO   ] [SELECT] Trying selector: #ddlMatiz2_0002 with value: P1019M
[2026-02-17 22:44:30.284] [INFO   ] [SELECT] Found element, visible: True
[2026-02-17 22:44:31.737] [INFO   ] [SELECT] Options (133 total): ='', 1013CM='1013CM', 5011ST='5011ST', 5014CM='5014CM', 7005CM='7005CM', 7011CM='7011CM', 7012CM='7012CM', 7015CM='7015CM', 7015ST='7015ST', 7021CM='7021CM'
[2026-02-17 22:45:01.963] [INFO   ] [SELECT] Set by value failed: Timeout 30000ms exceeded.
Call log:
  -   - attempting select option action
  -     2 × waiting for element to be visible and enabled
  -       - element is not enabled
  -     - retrying select option action
  -     - waiting 20ms
  -     2 × waiting for element to be visible and enabled
  -       - element is not enabled
  -     - retrying select option action
  -       - waiting 100ms
  -     49 × waiting for element to be visible and enabled
  -        - element is not enabled
  -      - retrying select option action
  -        - waiting 500ms, trying by label...
[2026-02-17 22:45:32.208] [WARNING] [SELECT] Set by label also failed: Timeout 30000ms exceeded.
Call log:
  -   - attempting select option action
  -     2 × waiting for element to be visible and enabled
  -       - element is not enabled
  -     - retrying select option action
  -     - waiting 20ms
  -     2 × waiting for element to be visible and enabled
  -       - element is not enabled
  -     - retrying select option action
  -       - waiting 100ms
  -     52 × waiting for element to be visible and enabled
  -        - element is not enabled
  -      - retrying select option action
  -        - waiting 500ms
[2026-02-17 22:45:32.208] [INFO   ] [ROW 0002] Triggering line validation...
[2026-02-17 22:45:42.925] [INFO   ] [ROW 0002] Profile fill complete
[2026-02-17 22:45:42.926] [SUCCESS] Row 2 completed successfully
[2026-02-17 22:45:43.441] [INFO   ] Filling row 3/26: REF 2030, Amount 8
[2026-02-17 22:45:43.442] [INFO   ] [ROW 0003] Starting to fill profile: REF=2030, AMT=8
[2026-02-17 22:45:43.752] [INFO   ] [ROW 0003] Looking for reference input: #txtReferencia_0003
[2026-02-17 22:45:43.766] [INFO   ] [ROW 0003] Found reference input, filling with: 2030
[2026-02-17 22:45:44.333] [INFO   ] [ROW 0003] Dispatched change event on reference input
[2026-02-17 22:45:44.333] [INFO   ] [ROW 0003] Waiting for profile validation...
[2026-02-17 22:45:45.366] [INFO   ] [ROW 0003] Setting amount to: 8
[2026-02-17 22:45:45.865] [INFO   ] [ROW 0003] Setting Finish 1: 9 -> 90
[2026-02-17 22:45:45.865] [INFO   ] [SELECT] Trying selector: #ddlAcabado1_0003 with value: 90
[2026-02-17 22:45:46.036] [INFO   ] [SELECT] Found element, visible: True
[2026-02-17 22:45:47.631] [INFO   ] [SELECT] Options (37 total): ='', 0='PVC', 1='SILVER ANODISED (1)', 10='BLACK ANODISED (10)', 16='ACIER ANODISED (16)', 17='INOX ANODISED (17)', 2='GOLD ANODISED (2)', 21='CHAMPAGNE ANODISED (21)', 22='IVORY ANODISED (22)', 3='BRONZE ANODISED (3)'
[2026-02-17 22:45:48.024] [INFO   ] [SELECT] Successfully set by value: 90
[2026-02-17 22:45:48.529] [INFO   ] [ROW 0003] Setting Shade 1: BLACK M
[2026-02-17 22:45:48.529] [INFO   ] [SELECT] Trying selector: #ddlMatiz1_0003 with value: BLACK M
[2026-02-17 22:45:48.633] [INFO   ] [SELECT] Found element, visible: True
[2026-02-17 22:45:50.043] [INFO   ] [SELECT] Options (133 total): ='', 1013CM='1013CM', 5011ST='5011ST', 5014CM='5014CM', 7005CM='7005CM', 7011CM='7011CM', 7012CM='7012CM', 7015CM='7015CM', 7015ST='7015ST', 7021CM='7021CM'
[2026-02-17 22:46:20.397] [INFO   ] [SELECT] Set by value failed: Timeout 30000ms exceeded.
Call log:
  -   - attempting select option action
  -     2 × waiting for element to be visible and enabled
  -       - did not find some options
  -     - retrying select option action
  -     - waiting 20ms
  -     2 × waiting for element to be visible and enabled
  -       - did not find some options
  -     - retrying select option action
  -       - waiting 100ms
  -     51 × waiting for element to be visible and enabled
  -        - did not find some options
  -      - retrying select option action
  -        - waiting 500ms, trying by label...
[2026-02-17 22:46:50.647] [WARNING] [SELECT] Set by label also failed: Timeout 30000ms exceeded.
Call log:
  -   - attempting select option action
  -     2 × waiting for element to be visible and enabled
  -       - did not find some options
  -     - retrying select option action
  -     - waiting 20ms
  -     2 × waiting for element to be visible and enabled
  -       - did not find some options
  -     - retrying select option action
  -       - waiting 100ms
  -     50 × waiting for element to be visible and enabled
  -        - did not find some options
  -      - retrying select option action
  -        - waiting 500ms
[2026-02-17 22:46:50.647] [INFO   ] [ROW 0003] Setting Finish 2: 9 -> 90
[2026-02-17 22:46:50.647] [INFO   ] [SELECT] Trying selector: #ddlAcabado2_0003 with value: 90
[2026-02-17 22:46:50.934] [INFO   ] [SELECT] Found element, visible: True
[2026-02-17 22:46:52.707] [INFO   ] [SELECT] Options (37 total): ='', 0='PVC', 1='SILVER ANODISED (1)', 10='BLACK ANODISED (10)', 16='ACIER ANODISED (16)', 17='INOX ANODISED (17)', 2='GOLD ANODISED (2)', 21='CHAMPAGNE ANODISED (21)', 22='IVORY ANODISED (22)', 3='BRONZE ANODISED (3)'
[2026-02-17 22:46:55.693] [INFO   ] [SELECT] Set by value failed: Target page, context or browser has been closed
Call log:
  -   - attempting select option action
  -     2 × waiting for element to be visible and enabled
  -       - element is not enabled
  -     - retrying select option action
  -     - waiting 20ms
  -     2 × waiting for element to be visible and enabled
  -       - element is not enabled
  -     - retrying select option action
  -       - waiting 100ms
  -     4 × waiting for element to be visible and enabled
  -       - element is not enabled
  -     - retrying select option action
  -       - waiting 500ms, trying by label...
[2026-02-17 22:46:55.699] [WARNING] [SELECT] Set by label also failed: Target page, context or browser has been closed
[2026-02-17 22:46:56.207] [INFO   ] [ROW 0003] Setting Shade 2: BLACK M
[2026-02-17 22:46:56.207] [INFO   ] [SELECT] Trying selector: #ddlMatiz2_0003 with value: BLACK M
[2026-02-17 22:46:56.209] [ERROR  ] [SELECT] Error: Target page, context or browser has been closed
[2026-02-17 22:46:56.219] [INFO   ] [ROW 0003] Triggering line validation...
[2026-02-17 22:46:56.223] [ERROR  ] Failed to fill row 3: Target page, context or browser has been closed
    Details: Microsoft.Playwright.TargetClosedException: Target page, context or browser has been closed
   at Microsoft.Playwright.Transport.Connection.InnerSendMessageToServerAsync[T](ChannelOwner object, String method, Dictionary`2 dictionary, Boolean keepNulls) in /_/src/Playwright/Transport/Connection.cs:line 206
   at Microsoft.Playwright.Transport.Connection.WrapApiCallAsync[T](Func`1 action, Boolean isInternal)
   at Microsoft.Playwright.Core.Frame.QuerySelectorAsync(String selector, FrameQuerySelectorOptions options) in /_/src/Playwright/Core/Frame.cs:line 786
   at VisorQuotationWebApp.Services.CortizoAutomationService.FillProfileRowAsync(Int32 rowIndex, ProfileItem profile) in D:\Lirim\Sources\Visor\VisorQuotationWebApp\Services\CortizoAutomationService.cs:line 608
   at VisorQuotationWebApp.Services.CortizoAutomationService.RunAutomationAsync(CortizoCredentials credentials, QuotationViewModel viewModel, List`1 profiles, CancellationToken cancellationToken) in D:\Lirim\Sources\Visor\VisorQuotationWebApp\Services\CortizoAutomationService.cs:line 134
[2026-02-17 22:46:56.738] [INFO   ] Filling row 4/26: REF 3847, Amount 24
[2026-02-17 22:46:56.738] [INFO   ] [ROW 0004] Starting to fill profile: REF=3847, AMT=24
[2026-02-17 22:46:57.051] [INFO   ] [ROW 0004] Looking for reference input: #txtReferencia_0004
[2026-02-17 22:46:57.054] [ERROR  ] Failed to fill row 4: Target page, context or browser has been closed
    Details: Microsoft.Playwright.TargetClosedException: Target page, context or browser has been closed
   at Microsoft.Playwright.Transport.Connection.InnerSendMessageToServerAsync[T](ChannelOwner object, String method, Dictionary`2 dictionary, Boolean keepNulls) in /_/src/Playwright/Transport/Connection.cs:line 206
   at Microsoft.Playwright.Transport.Connection.WrapApiCallAsync[T](Func`1 action, Boolean isInternal)
   at Microsoft.Playwright.Core.Frame.QuerySelectorAsync(String selector, FrameQuerySelectorOptions options) in /_/src/Playwright/Core/Frame.cs:line 786
   at VisorQuotationWebApp.Services.CortizoAutomationService.FillProfileRowAsync(Int32 rowIndex, ProfileItem profile) in D:\Lirim\Sources\Visor\VisorQuotationWebApp\Services\CortizoAutomationService.cs:line 530
   at VisorQuotationWebApp.Services.CortizoAutomationService.RunAutomationAsync(CortizoCredentials credentials, QuotationViewModel viewModel, List`1 profiles, CancellationToken cancellationToken) in D:\Lirim\Sources\Visor\VisorQuotationWebApp\Services\CortizoAutomationService.cs:line 134
[2026-02-17 22:46:57.562] [INFO   ] Filling row 5/26: REF 4503, Amount 24
[2026-02-17 22:46:57.562] [INFO   ] [ROW 0005] Starting to fill profile: REF=4503, AMT=24
[2026-02-17 22:46:57.868] [INFO   ] [ROW 0005] Looking for reference input: #txtReferencia_0005
[2026-02-17 22:46:57.871] [ERROR  ] Failed to fill row 5: Target page, context or browser has been closed
    Details: Microsoft.Playwright.TargetClosedException: Target page, context or browser has been closed
   at Microsoft.Playwright.Transport.Connection.InnerSendMessageToServerAsync[T](ChannelOwner object, String method, Dictionary`2 dictionary, Boolean keepNulls) in /_/src/Playwright/Transport/Connection.cs:line 206
   at Microsoft.Playwright.Transport.Connection.WrapApiCallAsync[T](Func`1 action, Boolean isInternal)
   at Microsoft.Playwright.Core.Frame.QuerySelectorAsync(String selector, FrameQuerySelectorOptions options) in /_/src/Playwright/Core/Frame.cs:line 786
   at VisorQuotationWebApp.Services.CortizoAutomationService.FillProfileRowAsync(Int32 rowIndex, ProfileItem profile) in D:\Lirim\Sources\Visor\VisorQuotationWebApp\Services\CortizoAutomationService.cs:line 530
   at VisorQuotationWebApp.Services.CortizoAutomationService.RunAutomationAsync(CortizoCredentials credentials, QuotationViewModel viewModel, List`1 profiles, CancellationToken cancellationToken) in D:\Lirim\Sources\Visor\VisorQuotationWebApp\Services\CortizoAutomationService.cs:line 134
[2026-02-17 22:46:58.379] [INFO   ] Filling row 6/26: REF 4601, Amount 35
[2026-02-17 22:46:58.379] [INFO   ] [ROW 0006] Starting to fill profile: REF=4601, AMT=35
[2026-02-17 22:46:58.686] [INFO   ] [ROW 0006] Looking for reference input: #txtReferencia_0006
[2026-02-17 22:46:58.690] [ERROR  ] Failed to fill row 6: Target page, context or browser has been closed
    Details: Microsoft.Playwright.TargetClosedException: Target page, context or browser has been closed
   at Microsoft.Playwright.Transport.Connection.InnerSendMessageToServerAsync[T](ChannelOwner object, String method, Dictionary`2 dictionary, Boolean keepNulls) in /_/src/Playwright/Transport/Connection.cs:line 206
   at Microsoft.Playwright.Transport.Connection.WrapApiCallAsync[T](Func`1 action, Boolean isInternal)
   at Microsoft.Playwright.Core.Frame.QuerySelectorAsync(String selector, FrameQuerySelectorOptions options) in /_/src/Playwright/Core/Frame.cs:line 786
   at VisorQuotationWebApp.Services.CortizoAutomationService.FillProfileRowAsync(Int32 rowIndex, ProfileItem profile) in D:\Lirim\Sources\Visor\VisorQuotationWebApp\Services\CortizoAutomationService.cs:line 530
   at VisorQuotationWebApp.Services.CortizoAutomationService.RunAutomationAsync(CortizoCredentials credentials, QuotationViewModel viewModel, List`1 profiles, CancellationToken cancellationToken) in D:\Lirim\Sources\Visor\VisorQuotationWebApp\Services\CortizoAutomationService.cs:line 134
[2026-02-17 22:46:59.198] [INFO   ] Filling row 7/26: REF 4602, Amount 30
[2026-02-17 22:46:59.198] [INFO   ] [ROW 0007] Starting to fill profile: REF=4602, AMT=30
[2026-02-17 22:46:59.503] [INFO   ] [ROW 0007] Looking for reference input: #txtReferencia_0007
[2026-02-17 22:46:59.508] [ERROR  ] Failed to fill row 7: Target page, context or browser has been closed
    Details: Microsoft.Playwright.TargetClosedException: Target page, context or browser has been closed
   at Microsoft.Playwright.Transport.Connection.InnerSendMessageToServerAsync[T](ChannelOwner object, String method, Dictionary`2 dictionary, Boolean keepNulls) in /_/src/Playwright/Transport/Connection.cs:line 206
   at Microsoft.Playwright.Transport.Connection.WrapApiCallAsync[T](Func`1 action, Boolean isInternal)
   at Microsoft.Playwright.Core.Frame.QuerySelectorAsync(String selector, FrameQuerySelectorOptions options) in /_/src/Playwright/Core/Frame.cs:line 786
   at VisorQuotationWebApp.Services.CortizoAutomationService.FillProfileRowAsync(Int32 rowIndex, ProfileItem profile) in D:\Lirim\Sources\Visor\VisorQuotationWebApp\Services\CortizoAutomationService.cs:line 530
   at VisorQuotationWebApp.Services.CortizoAutomationService.RunAutomationAsync(CortizoCredentials credentials, QuotationViewModel viewModel, List`1 profiles, CancellationToken cancellationToken) in D:\Lirim\Sources\Visor\VisorQuotationWebApp\Services\CortizoAutomationService.cs:line 134
[2026-02-17 22:47:00.014] [INFO   ] Filling row 8/26: REF 4605, Amount 13
[2026-02-17 22:47:00.015] [INFO   ] [ROW 0008] Starting to fill profile: REF=4605, AMT=13
[2026-02-17 22:47:00.322] [INFO   ] [ROW 0008] Looking for reference input: #txtReferencia_0008
[2026-02-17 22:47:00.324] [ERROR  ] Failed to fill row 8: Target page, context or browser has been closed
    Details: Microsoft.Playwright.TargetClosedException: Target page, context or browser has been closed
   at Microsoft.Playwright.Transport.Connection.InnerSendMessageToServerAsync[T](ChannelOwner object, String method, Dictionary`2 dictionary, Boolean keepNulls) in /_/src/Playwright/Transport/Connection.cs:line 206
   at Microsoft.Playwright.Transport.Connection.WrapApiCallAsync[T](Func`1 action, Boolean isInternal)
   at Microsoft.Playwright.Core.Frame.QuerySelectorAsync(String selector, FrameQuerySelectorOptions options) in /_/src/Playwright/Core/Frame.cs:line 786
   at VisorQuotationWebApp.Services.CortizoAutomationService.FillProfileRowAsync(Int32 rowIndex, ProfileItem profile) in D:\Lirim\Sources\Visor\VisorQuotationWebApp\Services\CortizoAutomationService.cs:line 530
   at VisorQuotationWebApp.Services.CortizoAutomationService.RunAutomationAsync(CortizoCredentials credentials, QuotationViewModel viewModel, List`1 profiles, CancellationToken cancellationToken) in D:\Lirim\Sources\Visor\VisorQuotationWebApp\Services\CortizoAutomationService.cs:line 134
